#
# There is insufficient memory for the Java Runtime Environment to continue.
# Native memory allocation (malloc) failed to allocate 1484128 bytes for Chunk::new
# Possible reasons:
#   The system is out of physical RAM or swap space
#   In 32 bit mode, the process size limit was hit
# Possible solutions:
#   Reduce memory load on the system
#   Increase physical memory or swap space
#   Check if swap backing store is full
#   Use 64 bit Java on a 64 bit OS
#   Decrease Java heap size (-Xmx/-Xms)
#   Decrease number of Java threads
#   Decrease Java thread stack sizes (-Xss)
#   Set larger code cache with -XX:ReservedCodeCacheSize=
# This output file may be truncated or incomplete.
#
#  Out of Memory Error (allocation.cpp:390), pid=18444, tid=0x0000000000004874
#
# JRE version: Java(TM) SE Runtime Environment (8.0_111-b14) (build 1.8.0_111-b14)
# Java VM: Java HotSpot(TM) 64-Bit Server VM (25.111-b14 mixed mode windows-amd64 compressed oops)
# Failed to write core dump. Minidumps are not enabled by default on client versions of Windows
#

---------------  T H R E A D  ---------------

Current thread (0x00000000168e2000):  JavaThread "C2 CompilerThread1" daemon [_thread_in_native, id=18548, stack(0x0000000016ce0000,0x0000000016de0000)]

Stack: [0x0000000016ce0000,0x0000000016de0000]
[error occurred during error reporting (printing stack bounds), id 0xc0000005]

Native frames: (J=compiled Java code, j=interpreted, Vv=VM code, C=native code)


Current CompileTask:
C2:  51144 4372 % !   4       com.control.JudgeFaceServlet::doPost @ 248 (2313 bytes)


---------------  P R O C E S S  ---------------

Java Threads: ( => current thread )
  0x000000001853e000 JavaThread "Java2D Disposer" daemon [_thread_blocked, id=20184, stack(0x0000000056db0000,0x0000000056eb0000)]
  0x000000001853c800 JavaThread "ajp-nio-8009-Acceptor" daemon [_thread_in_native, id=18736, stack(0x000000001b780000,0x000000001b880000)]
  0x000000001853b800 JavaThread "ajp-nio-8009-ClientPoller" daemon [_thread_in_native, id=18732, stack(0x000000001b680000,0x000000001b780000)]
  0x000000001853b000 JavaThread "ajp-nio-8009-exec-10" daemon [_thread_blocked, id=18728, stack(0x000000001b580000,0x000000001b680000)]
  0x000000001853a000 JavaThread "ajp-nio-8009-exec-9" daemon [_thread_blocked, id=18724, stack(0x000000001b480000,0x000000001b580000)]
  0x0000000018539800 JavaThread "ajp-nio-8009-exec-8" daemon [_thread_blocked, id=18720, stack(0x000000001b380000,0x000000001b480000)]
  0x0000000018538800 JavaThread "ajp-nio-8009-exec-7" daemon [_thread_blocked, id=18716, stack(0x000000001b280000,0x000000001b380000)]
  0x0000000018531000 JavaThread "ajp-nio-8009-exec-6" daemon [_thread_blocked, id=18712, stack(0x000000001b180000,0x000000001b280000)]
  0x0000000018538000 JavaThread "ajp-nio-8009-exec-5" daemon [_thread_blocked, id=18708, stack(0x000000001b080000,0x000000001b180000)]
  0x0000000018537000 JavaThread "ajp-nio-8009-exec-4" daemon [_thread_blocked, id=18704, stack(0x000000001af80000,0x000000001b080000)]
  0x0000000018536800 JavaThread "ajp-nio-8009-exec-3" daemon [_thread_blocked, id=18700, stack(0x000000001ae80000,0x000000001af80000)]
  0x0000000018535000 JavaThread "ajp-nio-8009-exec-2" daemon [_thread_blocked, id=18696, stack(0x000000001ad80000,0x000000001ae80000)]
  0x0000000018533800 JavaThread "ajp-nio-8009-exec-1" daemon [_thread_blocked, id=18692, stack(0x000000001ac80000,0x000000001ad80000)]
  0x0000000018532000 JavaThread "Catalina-utility-2" [_thread_blocked, id=18688, stack(0x000000001ab80000,0x000000001ac80000)]
  0x000000001852f800 JavaThread "http-nio-8080-Acceptor" daemon [_thread_in_native, id=18684, stack(0x000000001aa80000,0x000000001ab80000)]
  0x0000000018532800 JavaThread "http-nio-8080-ClientPoller" daemon [_thread_in_native, id=18680, stack(0x000000001a980000,0x000000001aa80000)]
  0x0000000018530800 JavaThread "http-nio-8080-exec-10" daemon [_thread_in_native, id=18676, stack(0x000000001a880000,0x000000001a980000)]
  0x000000001852f000 JavaThread "http-nio-8080-exec-9" daemon [_thread_blocked, id=18672, stack(0x000000001a780000,0x000000001a880000)]
  0x0000000018534000 JavaThread "http-nio-8080-exec-8" daemon [_thread_blocked, id=18668, stack(0x000000001a680000,0x000000001a780000)]
  0x0000000018535800 JavaThread "http-nio-8080-exec-7" daemon [_thread_blocked, id=18664, stack(0x000000001a580000,0x000000001a680000)]
  0x0000000016af5800 JavaThread "http-nio-8080-exec-6" daemon [_thread_blocked, id=18660, stack(0x000000001a480000,0x000000001a580000)]
  0x0000000016af5000 JavaThread "http-nio-8080-exec-5" daemon [_thread_blocked, id=18656, stack(0x000000001a380000,0x000000001a480000)]
  0x0000000016af2800 JavaThread "http-nio-8080-exec-4" daemon [_thread_blocked, id=18652, stack(0x000000001a280000,0x000000001a380000)]
  0x0000000016af2000 JavaThread "http-nio-8080-exec-3" daemon [_thread_blocked, id=18648, stack(0x000000001a180000,0x000000001a280000)]
  0x0000000016af1000 JavaThread "http-nio-8080-exec-2" daemon [_thread_blocked, id=18644, stack(0x000000001a080000,0x000000001a180000)]
  0x0000000016af0800 JavaThread "http-nio-8080-exec-1" daemon [_thread_blocked, id=18640, stack(0x0000000019f80000,0x000000001a080000)]
  0x0000000016af4000 JavaThread "Catalina-utility-1" [_thread_blocked, id=14160, stack(0x0000000019d80000,0x0000000019e80000)]
  0x0000000016aef800 JavaThread "ajp-nio-8009-BlockPoller" daemon [_thread_in_native, id=18628, stack(0x00000000199d0000,0x0000000019ad0000)]
  0x00000000177b0000 JavaThread "http-nio-8080-BlockPoller" daemon [_thread_in_native, id=18624, stack(0x00000000198d0000,0x00000000199d0000)]
  0x00000000177dd800 JavaThread "GC Daemon" daemon [_thread_blocked, id=18616, stack(0x00000000195d0000,0x00000000196d0000)]
  0x00000000178b8000 JavaThread "RMI TCP Connection(idle)" daemon [_thread_blocked, id=18604, stack(0x00000000194d0000,0x00000000195d0000)]
  0x0000000017804000 JavaThread "RMI Scheduler(0)" daemon [_thread_blocked, id=18596, stack(0x00000000193d0000,0x00000000194d0000)]
  0x00000000177f4800 JavaThread "RMI TCP Connection(idle)" daemon [_thread_blocked, id=18592, stack(0x00000000192d0000,0x00000000193d0000)]
  0x00000000171e1800 JavaThread "RMI TCP Accept-0" daemon [_thread_in_native, id=18580, stack(0x0000000017e00000,0x0000000017f00000)]
  0x00000000171b0800 JavaThread "RMI TCP Accept-1099" daemon [_thread_in_native, id=18576, stack(0x0000000017d00000,0x0000000017e00000)]
  0x00000000171af000 JavaThread "RMI TCP Accept-0" daemon [_thread_in_native, id=18572, stack(0x0000000017a00000,0x0000000017b00000)]
  0x000000001711e800 JavaThread "FileHandlerLogFilesCleaner-1" daemon [_thread_blocked, id=18564, stack(0x00000000178e0000,0x00000000179e0000)]
  0x0000000016a13800 JavaThread "AsyncFileHandlerWriter-1725154839" daemon [_thread_blocked, id=18560, stack(0x0000000016fe0000,0x00000000170e0000)]
  0x0000000016991000 JavaThread "Service Thread" daemon [_thread_blocked, id=18556, stack(0x0000000016ee0000,0x0000000016fe0000)]
  0x00000000168e8800 JavaThread "C1 CompilerThread2" daemon [_thread_blocked, id=18552, stack(0x0000000016de0000,0x0000000016ee0000)]
=>0x00000000168e2000 JavaThread "C2 CompilerThread1" daemon [_thread_in_native, id=18548, stack(0x0000000016ce0000,0x0000000016de0000)]
  0x0000000015280800 JavaThread "C2 CompilerThread0" daemon [_thread_blocked, id=18544, stack(0x00000000167e0000,0x00000000168e0000)]
  0x000000001527e800 JavaThread "Attach Listener" daemon [_thread_blocked, id=18540, stack(0x00000000166e0000,0x00000000167e0000)]
  0x00000000152ce800 JavaThread "Signal Dispatcher" daemon [_thread_blocked, id=18536, stack(0x00000000165e0000,0x00000000166e0000)]
  0x000000001525a800 JavaThread "Finalizer" daemon [_thread_blocked, id=18532, stack(0x00000000164e0000,0x00000000165e0000)]
  0x0000000002c91800 JavaThread "Reference Handler" daemon [_thread_blocked, id=18528, stack(0x00000000163e0000,0x00000000164e0000)]
  0x0000000002ba2800 JavaThread "main" [_thread_in_native, id=18464, stack(0x00000000026e0000,0x00000000027e0000)]

Other Threads:
  0x0000000015238800 VMThread [stack: 0x00000000162e0000,0x00000000163e0000] [id=18524]
  0x00000000171e5800 WatcherThread [stack: 0x0000000017f00000,0x0000000018000000] [id=18584]

VM state:not at safepoint (normal execution)

VM Mutex/Monitor currently owned by a thread: None

Heap:
 PSYoungGen      total 73216K, used 73204K [0x00000000eb400000, 0x00000000f2c00000, 0x0000000100000000)
  eden space 65024K, 100% used [0x00000000eb400000,0x00000000ef380000,0x00000000ef380000)
  from space 8192K, 99% used [0x00000000ef380000,0x00000000efb7d370,0x00000000efb80000)
  to   space 9216K, 0% used [0x00000000f2300000,0x00000000f2300000,0x00000000f2c00000)
 ParOldGen       total 42496K, used 15332K [0x00000000c1c00000, 0x00000000c4580000, 0x00000000eb400000)
  object space 42496K, 36% used [0x00000000c1c00000,0x00000000c2af92e0,0x00000000c4580000)
 Metaspace       used 31398K, capacity 31922K, committed 32256K, reserved 1079296K
  class space    used 3116K, capacity 3293K, committed 3328K, reserved 1048576K

Card table byte_map: [0x0000000012060000,0x0000000012260000] byte_map_base: 0x0000000011a52000

Marking Bits: (ParMarkBitMap*) 0x000000006339a6c0
 Begin Bits: [0x00000000127b0000, 0x0000000013740000)
 End Bits:   [0x0000000013740000, 0x00000000146d0000)

Polling page: 0x0000000000a90000

CodeCache: size=245760Kb used=14899Kb max_used=14899Kb free=230860Kb
 bounds [0x0000000002ca0000, 0x0000000003b40000, 0x0000000011ca0000]
 total_blobs=4374 nmethods=3869 adapters=417
 compilation: enabled

Compilation events (10 events):
Event: 50.141 Thread 0x00000000168e8800 nmethod 4370 0x0000000003b03390 code [0x0000000003b03500, 0x0000000003b03728]
Event: 50.145 Thread 0x00000000168e8800 4371       3       java.util.Stack::<init> (5 bytes)
Event: 50.146 Thread 0x00000000168e8800 nmethod 4371 0x0000000003b02e90 code [0x0000000003b03000, 0x0000000003b03268]
Event: 50.533 Thread 0x00000000168e2000 4372 % !   4       com.control.JudgeFaceServlet::doPost @ 248 (2313 bytes)
Event: 50.922 Thread 0x00000000168e8800 4373   !   3       java.io.BufferedWriter::flushBuffer (53 bytes)
Event: 50.923 Thread 0x00000000168e8800 nmethod 4373 0x0000000003b02450 code [0x0000000003b02600, 0x0000000003b02bd8]
Event: 50.923 Thread 0x00000000168e8800 4375   !   3       java.io.BufferedWriter::write (117 bytes)
Event: 50.924 Thread 0x00000000168e8800 nmethod 4375 0x0000000003b016d0 code [0x0000000003b018a0, 0x0000000003b02008]
Event: 50.924 Thread 0x00000000168e8800 4374       3       java.io.OutputStreamWriter::write (11 bytes)
Event: 50.924 Thread 0x00000000168e8800 nmethod 4374 0x0000000003b012d0 code [0x0000000003b01440, 0x0000000003b015e8]

GC Heap History (10 events):
Event: 2.762 GC heap before
{Heap before GC invocations=4 (full 0):
 PSYoungGen      total 18944K, used 18930K [0x00000000eb400000, 0x00000000ed900000, 0x0000000100000000)
  eden space 16384K, 99% used [0x00000000eb400000,0x00000000ec3fffe8,0x00000000ec400000)
  from space 2560K, 99% used [0x00000000ec400000,0x00000000ec67c840,0x00000000ec680000)
  to   space 2560K, 0% used [0x00000000ed680000,0x00000000ed680000,0x00000000ed900000)
 ParOldGen       total 44032K, used 7674K [0x00000000c1c00000, 0x00000000c4700000, 0x00000000eb400000)
  object space 44032K, 17% used [0x00000000c1c00000,0x00000000c237ea08,0x00000000c4700000)
 Metaspace       used 17541K, capacity 17966K, committed 18304K, reserved 1064960K
  class space    used 1984K, capacity 2139K, committed 2176K, reserved 1048576K
Event: 2.769 GC heap after
Heap after GC invocations=4 (full 0):
 PSYoungGen      total 35328K, used 2546K [0x00000000eb400000, 0x00000000ed900000, 0x0000000100000000)
  eden space 32768K, 0% used [0x00000000eb400000,0x00000000eb400000,0x00000000ed400000)
  from space 2560K, 99% used [0x00000000ed680000,0x00000000ed8fc840,0x00000000ed900000)
  to   space 2560K, 0% used [0x00000000ed400000,0x00000000ed400000,0x00000000ed680000)
 ParOldGen       total 44032K, used 9673K [0x00000000c1c00000, 0x00000000c4700000, 0x00000000eb400000)
  object space 44032K, 21% used [0x00000000c1c00000,0x00000000c2572610,0x00000000c4700000)
 Metaspace       used 17541K, capacity 17966K, committed 18304K, reserved 1064960K
  class space    used 1984K, capacity 2139K, committed 2176K, reserved 1048576K
}
Event: 3.739 GC heap before
{Heap before GC invocations=5 (full 0):
 PSYoungGen      total 35328K, used 35314K [0x00000000eb400000, 0x00000000ed900000, 0x0000000100000000)
  eden space 32768K, 100% used [0x00000000eb400000,0x00000000ed400000,0x00000000ed400000)
  from space 2560K, 99% used [0x00000000ed680000,0x00000000ed8fc840,0x00000000ed900000)
  to   space 2560K, 0% used [0x00000000ed400000,0x00000000ed400000,0x00000000ed680000)
 ParOldGen       total 44032K, used 9673K [0x00000000c1c00000, 0x00000000c4700000, 0x00000000eb400000)
  object space 44032K, 21% used [0x00000000c1c00000,0x00000000c2572610,0x00000000c4700000)
 Metaspace       used 20293K, capacity 20722K, committed 20992K, reserved 1067008K
  class space    used 2277K, capacity 2437K, committed 2560K, reserved 1048576K
Event: 3.747 GC heap after
Heap after GC invocations=5 (full 0):
 PSYoungGen      total 35328K, used 2552K [0x00000000eb400000, 0x00000000f0300000, 0x0000000100000000)
  eden space 32768K, 0% used [0x00000000eb400000,0x00000000eb400000,0x00000000ed400000)
  from space 2560K, 99% used [0x00000000ed400000,0x00000000ed67e030,0x00000000ed680000)
  to   space 7680K, 0% used [0x00000000efb80000,0x00000000efb80000,0x00000000f0300000)
 ParOldGen       total 44032K, used 14445K [0x00000000c1c00000, 0x00000000c4700000, 0x00000000eb400000)
  object space 44032K, 32% used [0x00000000c1c00000,0x00000000c2a1b630,0x00000000c4700000)
 Metaspace       used 20293K, capacity 20722K, committed 20992K, reserved 1067008K
  class space    used 2277K, capacity 2437K, committed 2560K, reserved 1048576K
}
Event: 3.802 GC heap before
{Heap before GC invocations=6 (full 0):
 PSYoungGen      total 35328K, used 4638K [0x00000000eb400000, 0x00000000f0300000, 0x0000000100000000)
  eden space 32768K, 6% used [0x00000000eb400000,0x00000000eb609908,0x00000000ed400000)
  from space 2560K, 99% used [0x00000000ed400000,0x00000000ed67e030,0x00000000ed680000)
  to   space 7680K, 0% used [0x00000000efb80000,0x00000000efb80000,0x00000000f0300000)
 ParOldGen       total 44032K, used 14445K [0x00000000c1c00000, 0x00000000c4700000, 0x00000000eb400000)
  object space 44032K, 32% used [0x00000000c1c00000,0x00000000c2a1b630,0x00000000c4700000)
 Metaspace       used 20631K, capacity 21074K, committed 21248K, reserved 1069056K
  class space    used 2308K, capacity 2469K, committed 2560K, reserved 1048576K
Event: 3.808 GC heap after
Heap after GC invocations=6 (full 0):
 PSYoungGen      total 72704K, used 3054K [0x00000000eb400000, 0x00000000f0400000, 0x0000000100000000)
  eden space 65024K, 0% used [0x00000000eb400000,0x00000000eb400000,0x00000000ef380000)
  from space 7680K, 39% used [0x00000000efb80000,0x00000000efe7bbd0,0x00000000f0300000)
  to   space 8192K, 0% used [0x00000000ef380000,0x00000000ef380000,0x00000000efb80000)
 ParOldGen       total 44032K, used 14453K [0x00000000c1c00000, 0x00000000c4700000, 0x00000000eb400000)
  object space 44032K, 32% used [0x00000000c1c00000,0x00000000c2a1d630,0x00000000c4700000)
 Metaspace       used 20631K, capacity 21074K, committed 21248K, reserved 1069056K
  class space    used 2308K, capacity 2469K, committed 2560K, reserved 1048576K
}
Event: 3.808 GC heap before
{Heap before GC invocations=7 (full 1):
 PSYoungGen      total 72704K, used 3054K [0x00000000eb400000, 0x00000000f0400000, 0x0000000100000000)
  eden space 65024K, 0% used [0x00000000eb400000,0x00000000eb400000,0x00000000ef380000)
  from space 7680K, 39% used [0x00000000efb80000,0x00000000efe7bbd0,0x00000000f0300000)
  to   space 8192K, 0% used [0x00000000ef380000,0x00000000ef380000,0x00000000efb80000)
 ParOldGen       total 44032K, used 14453K [0x00000000c1c00000, 0x00000000c4700000, 0x00000000eb400000)
  object space 44032K, 32% used [0x00000000c1c00000,0x00000000c2a1d630,0x00000000c4700000)
 Metaspace       used 20631K, capacity 21074K, committed 21248K, reserved 1069056K
  class space    used 2308K, capacity 2469K, committed 2560K, reserved 1048576K
Event: 3.868 GC heap after
Heap after GC invocations=7 (full 1):
 PSYoungGen      total 72704K, used 0K [0x00000000eb400000, 0x00000000f0400000, 0x0000000100000000)
  eden space 65024K, 0% used [0x00000000eb400000,0x00000000eb400000,0x00000000ef380000)
  from space 7680K, 0% used [0x00000000efb80000,0x00000000efb80000,0x00000000f0300000)
  to   space 8192K, 0% used [0x00000000ef380000,0x00000000ef380000,0x00000000efb80000)
 ParOldGen       total 42496K, used 14757K [0x00000000c1c00000, 0x00000000c4580000, 0x00000000eb400000)
  object space 42496K, 34% used [0x00000000c1c00000,0x00000000c2a69410,0x00000000c4580000)
 Metaspace       used 20631K, capacity 21074K, committed 21248K, reserved 1069056K
  class space    used 2308K, capacity 2469K, committed 2560K, reserved 1048576K
}
Event: 11.593 GC heap before
{Heap before GC invocations=8 (full 1):
 PSYoungGen      total 72704K, used 65024K [0x00000000eb400000, 0x00000000f0400000, 0x0000000100000000)
  eden space 65024K, 100% used [0x00000000eb400000,0x00000000ef380000,0x00000000ef380000)
  from space 7680K, 0% used [0x00000000efb80000,0x00000000efb80000,0x00000000f0300000)
  to   space 8192K, 0% used [0x00000000ef380000,0x00000000ef380000,0x00000000efb80000)
 ParOldGen       total 42496K, used 14757K [0x00000000c1c00000, 0x00000000c4580000, 0x00000000eb400000)
  object space 42496K, 34% used [0x00000000c1c00000,0x00000000c2a69410,0x00000000c4580000)
 Metaspace       used 30191K, capacity 30672K, committed 30976K, reserved 1077248K
  class space    used 3099K, capacity 3250K, committed 3328K, reserved 1048576K
Event: 11.607 GC heap after
Heap after GC invocations=8 (full 1):
 PSYoungGen      total 73216K, used 8180K [0x00000000eb400000, 0x00000000f2c00000, 0x0000000100000000)
  eden space 65024K, 0% used [0x00000000eb400000,0x00000000eb400000,0x00000000ef380000)
  from space 8192K, 99% used [0x00000000ef380000,0x00000000efb7d370,0x00000000efb80000)
  to   space 9216K, 0% used [0x00000000f2300000,0x00000000f2300000,0x00000000f2c00000)
 ParOldGen       total 42496K, used 15332K [0x00000000c1c00000, 0x00000000c4580000, 0x00000000eb400000)
  object space 42496K, 36% used [0x00000000c1c00000,0x00000000c2af92e0,0x00000000c4580000)
 Metaspace       used 30191K, capacity 30672K, committed 30976K, reserved 1077248K
  class space    used 3099K, capacity 3250K, committed 3328K, reserved 1048576K
}

Deoptimization events (10 events):
Event: 11.585 Thread 0x0000000016af4000 Uncommon trap: reason=unstable_if action=reinterpret pc=0x000000000322179c method=com.sun.org.apache.xerces.internal.util.SymbolTable.addSymbol([CII)Ljava/lang/String; @ 64
Event: 11.668 Thread 0x0000000016af4000 Uncommon trap: reason=unstable_if action=reinterpret pc=0x0000000003251428 method=com.sun.org.apache.xerces.internal.impl.XMLEntityScanner.scanContent(Lcom/sun/org/apache/xerces/internal/xni/XMLString;)I @ 670
Event: 35.954 Thread 0x0000000016af2000 Uncommon trap: reason=unstable_if action=reinterpret pc=0x00000000032d7560 method=org.apache.tomcat.util.buf.UDecoder.convert(Lorg/apache/tomcat/util/buf/ByteChunk;Z)V @ 65
Event: 35.958 Thread 0x0000000016af2000 Uncommon trap: reason=unstable_if action=reinterpret pc=0x0000000003554750 method=sun.misc.BASE64Decoder.decodeAtom(Ljava/io/PushbackInputStream;Ljava/io/OutputStream;I)V @ 112
Event: 36.202 Thread 0x0000000016af2000 Uncommon trap: reason=unstable_if action=reinterpret pc=0x00000000035ac264 method=java.awt.image.ComponentColorModel.getDataElements(ILjava/lang/Object;)Ljava/lang/Object; @ 30
Event: 36.376 Thread 0x0000000016af2000 Uncommon trap: reason=unstable_if action=reinterpret pc=0x00000000038130a8 method=java.nio.Buffer.limit(I)Ljava/nio/Buffer; @ 52
Event: 37.638 Thread 0x000000001852f000 Uncommon trap: reason=unstable_if action=reinterpret pc=0x00000000038d4130 method=org.apache.tomcat.util.http.Parameters.processParameters([BIILjava/nio/charset/Charset;)V @ 138
Event: 39.294 Thread 0x0000000016af1000 Uncommon trap: reason=unstable_if action=reinterpret pc=0x00000000039dedb0 method=java.util.regex.Pattern$Start.match(Ljava/util/regex/Matcher;ILjava/lang/CharSequence;)Z @ 10
Event: 49.493 Thread 0x0000000016af5000 Uncommon trap: reason=unstable_if action=reinterpret pc=0x0000000003a39304 method=java.util.ArrayList.rangeCheck(I)V @ 5
Event: 50.156 Thread 0x000000001852f000 Uncommon trap: reason=unstable_if action=reinterpret pc=0x00000000039fce58 method=java.util.ArrayList.rangeCheck(I)V @ 5

Internal exceptions (10 events):
Event: 3.674 Thread 0x0000000016af0800 Implicit null exception at 0x000000000315174e to 0x0000000003151e2d
Event: 4.244 Thread 0x0000000016af0800 Exception <a 'java/lang/ArrayIndexOutOfBoundsException': 11444> (0x00000000ec678a10) thrown at [C:\re\workspace\8-2-build-windows-amd64-cygwin\jdk8u111\7883\hotspot\src\share\vm\interpreter\interpreterRuntime.cpp, line 366]
Event: 10.026 Thread 0x0000000016af2800 Exception <a 'java/io/FileNotFoundException'> (0x00000000ed3d0fc0) thrown at [C:\re\workspace\8-2-build-windows-amd64-cygwin\jdk8u111\7883\hotspot\src\share\vm\prims\jni.cpp, line 709]
Event: 10.254 Thread 0x0000000016af5000 Exception <a 'java/lang/ClassNotFoundException': org/apache/catalina/webresources/http/Handler> (0x00000000ed7cf960) thrown at [C:\re\workspace\8-2-build-windows-amd64-cygwin\jdk8u111\7883\hotspot\src\share\vm\classfile\systemDictionary.cpp, line 210]
Event: 10.339 Thread 0x0000000016af5000 Implicit null exception at 0x00000000035fe5b9 to 0x00000000035fe71d
Event: 10.592 Thread 0x0000000016af5800 Exception <a 'java/lang/ArrayIndexOutOfBoundsException'> (0x00000000ee7cd618) thrown at [C:\re\workspace\8-2-build-windows-amd64-cygwin\jdk8u111\7883\hotspot\src\share\vm\runtime\sharedRuntime.cpp, line 605]
Event: 11.582 Thread 0x0000000016af4000 Exception <a 'java/io/FileNotFoundException'> (0x00000000ef343548) thrown at [C:\re\workspace\8-2-build-windows-amd64-cygwin\jdk8u111\7883\hotspot\src\share\vm\prims\jni.cpp, line 709]
Event: 11.660 Thread 0x0000000016af4000 Exception <a 'java/io/FileNotFoundException'> (0x00000000eb510ea8) thrown at [C:\re\workspace\8-2-build-windows-amd64-cygwin\jdk8u111\7883\hotspot\src\share\vm\prims\jni.cpp, line 709]
Event: 11.716 Thread 0x0000000016af4000 Exception <a 'java/io/FileNotFoundException'> (0x00000000eb6467e0) thrown at [C:\re\workspace\8-2-build-windows-amd64-cygwin\jdk8u111\7883\hotspot\src\share\vm\prims\jni.cpp, line 709]
Event: 36.375 Thread 0x0000000016af2000 Exception <a 'java/io/IOException'> (0x00000000ebe13338) thrown at [C:\re\workspace\8-2-build-windows-amd64-cygwin\jdk8u111\7883\hotspot\src\share\vm\prims\jni.cpp, line 709]

Events (10 events):
Event: 49.492 Thread 0x0000000016af5000 Uncommon trap: trap_request=0xffffff65 fr.pc=0x0000000003a39304
Event: 49.493 Thread 0x0000000016af5000 DEOPT PACKING pc=0x0000000003a39304 sp=0x000000001a47df30
Event: 49.494 Thread 0x0000000016af5000 DEOPT UNPACKING pc=0x0000000002ce582a sp=0x000000001a47dd70 mode 2
Event: 49.495 loading class java/lang/Throwable$WrappedPrintStream
Event: 49.500 loading class java/lang/Throwable$WrappedPrintStream done
Event: 49.502 loading class java/util/IdentityHashMap$KeySet
Event: 49.506 loading class java/util/IdentityHashMap$KeySet done
Event: 50.156 Thread 0x000000001852f000 Uncommon trap: trap_request=0xffffff65 fr.pc=0x00000000039fce58
Event: 50.156 Thread 0x000000001852f000 DEOPT PACKING pc=0x00000000039fce58 sp=0x000000001a87dab0
Event: 50.157 Thread 0x000000001852f000 DEOPT UNPACKING pc=0x0000000002ce582a sp=0x000000001a87d8f0 mode 2


Dynamic libraries:
0x00007ff76f220000 - 0x00007ff76f257000 	C:\dingdingdong\JDK\bin\java.exe
0x00007ffc92dc0000 - 0x00007ffc92fb0000 	C:\Windows\SYSTEM32\ntdll.dll
0x00007ffc92910000 - 0x00007ffc929c2000 	C:\Windows\System32\KERNEL32.DLL
0x00007ffc8ff60000 - 0x00007ffc90203000 	C:\Windows\System32\KERNELBASE.dll
0x00007ffc91f60000 - 0x00007ffc92003000 	C:\Windows\System32\ADVAPI32.dll
0x00007ffc91eb0000 - 0x00007ffc91f4e000 	C:\Windows\System32\msvcrt.dll
0x00007ffc90fc0000 - 0x00007ffc91057000 	C:\Windows\System32\sechost.dll
0x00007ffc91d90000 - 0x00007ffc91eb0000 	C:\Windows\System32\RPCRT4.dll
0x00007ffc91210000 - 0x00007ffc913a4000 	C:\Windows\System32\USER32.dll
0x00007ffc8fea0000 - 0x00007ffc8fec1000 	C:\Windows\System32\win32u.dll
0x00007ffc90f90000 - 0x00007ffc90fb6000 	C:\Windows\System32\GDI32.dll
0x00007ffc90cd0000 - 0x00007ffc90e64000 	C:\Windows\System32\gdi32full.dll
0x00007ffc90bb0000 - 0x00007ffc90c4e000 	C:\Windows\System32\msvcp_win.dll
0x00007ffc90210000 - 0x00007ffc9030a000 	C:\Windows\System32\ucrtbase.dll
0x00007ffc7f4b0000 - 0x00007ffc7f735000 	C:\Windows\WinSxS\amd64_microsoft.windows.common-controls_6595b64144ccf1df_6.0.18362.476_none_e6c4b11b130f2595\COMCTL32.dll
0x00007ffc92a40000 - 0x00007ffc92d76000 	C:\Windows\System32\combase.dll
0x00007ffc90c50000 - 0x00007ffc90cd0000 	C:\Windows\System32\bcryptPrimitives.dll
0x00007ffc91ce0000 - 0x00007ffc91d0e000 	C:\Windows\System32\IMM32.DLL
0x0000000063420000 - 0x00000000634f2000 	C:\dingdingdong\JDK\jre\bin\msvcr100.dll
0x0000000062b80000 - 0x000000006341a000 	C:\dingdingdong\JDK\jre\bin\server\jvm.dll
0x00007ffc92a30000 - 0x00007ffc92a38000 	C:\Windows\System32\PSAPI.DLL
0x00007ffc88770000 - 0x00007ffc8877a000 	C:\Windows\SYSTEM32\VERSION.dll
0x00007ffc8d940000 - 0x00007ffc8d964000 	C:\Windows\SYSTEM32\WINMM.dll
0x00007ffc7cf10000 - 0x00007ffc7cf19000 	C:\Windows\SYSTEM32\WSOCK32.dll
0x00007ffc91d10000 - 0x00007ffc91d7f000 	C:\Windows\System32\WS2_32.dll
0x00007ffc8d820000 - 0x00007ffc8d84d000 	C:\Windows\SYSTEM32\WINMMBASE.dll
0x00007ffc90b60000 - 0x00007ffc90baa000 	C:\Windows\System32\cfgmgr32.dll
0x0000000062b70000 - 0x0000000062b7f000 	C:\dingdingdong\JDK\jre\bin\verify.dll
0x0000000062b40000 - 0x0000000062b69000 	C:\dingdingdong\JDK\jre\bin\java.dll
0x0000000062b20000 - 0x0000000062b36000 	C:\dingdingdong\JDK\jre\bin\zip.dll
0x00007ffc915f0000 - 0x00007ffc91cd5000 	C:\Windows\System32\SHELL32.dll
0x00007ffc91480000 - 0x00007ffc91529000 	C:\Windows\System32\shcore.dll
0x00007ffc903c0000 - 0x00007ffc90b3e000 	C:\Windows\System32\windows.storage.dll
0x00007ffc8fcc0000 - 0x00007ffc8fcdf000 	C:\Windows\System32\profapi.dll
0x00007ffc8fce0000 - 0x00007ffc8fd2a000 	C:\Windows\System32\powrprof.dll
0x00007ffc8fc90000 - 0x00007ffc8fca0000 	C:\Windows\System32\UMPDC.dll
0x00007ffc91530000 - 0x00007ffc91582000 	C:\Windows\System32\shlwapi.dll
0x00007ffc8fd30000 - 0x00007ffc8fd41000 	C:\Windows\System32\kernel.appcore.dll
0x00007ffc90b40000 - 0x00007ffc90b57000 	C:\Windows\System32\cryptsp.dll
0x0000000062ad0000 - 0x0000000062add000 	C:\dingdingdong\JDK\jre\bin\management.dll
0x0000000062b00000 - 0x0000000062b1a000 	C:\dingdingdong\JDK\jre\bin\net.dll
0x00007ffc8f500000 - 0x00007ffc8f567000 	C:\Windows\system32\mswsock.dll
0x0000000062ae0000 - 0x0000000062af1000 	C:\dingdingdong\JDK\jre\bin\nio.dll
0x00007ffc83b80000 - 0x00007ffc83b96000 	C:\Windows\system32\napinsp.dll
0x00007ffc6a6b0000 - 0x00007ffc6a6ca000 	C:\Windows\system32\pnrpnsp.dll
0x00007ffc8f250000 - 0x00007ffc8f31a000 	C:\Windows\SYSTEM32\DNSAPI.dll
0x00007ffc91f50000 - 0x00007ffc91f58000 	C:\Windows\System32\NSI.dll
0x00007ffc8f210000 - 0x00007ffc8f24a000 	C:\Windows\SYSTEM32\IPHLPAPI.DLL
0x00007ffc89c00000 - 0x00007ffc89c0e000 	C:\Windows\System32\winrnr.dll
0x00007ffc8bf40000 - 0x00007ffc8bf5c000 	C:\Windows\system32\NLAapi.dll
0x00007ffc5f900000 - 0x00007ffc5f915000 	C:\Windows\system32\wshbth.dll
0x00007ffc84380000 - 0x00007ffc8438a000 	C:\Windows\System32\rasadhlp.dll
0x00007ffc842e0000 - 0x00007ffc84357000 	C:\Windows\System32\fwpuclnt.dll
0x00007ffc8fed0000 - 0x00007ffc8fef6000 	C:\Windows\System32\bcrypt.dll
0x00007ffc8f070000 - 0x00007ffc8f0a3000 	C:\Windows\system32\rsaenh.dll
0x00007ffc8fbb0000 - 0x00007ffc8fbd5000 	C:\Windows\SYSTEM32\USERENV.dll
0x00007ffc8f6d0000 - 0x00007ffc8f6dc000 	C:\Windows\SYSTEM32\CRYPTBASE.dll
0x00007ffc84c20000 - 0x00007ffc84c36000 	C:\Windows\SYSTEM32\dhcpcsvc6.DLL
0x00007ffc84c70000 - 0x00007ffc84c8c000 	C:\Windows\SYSTEM32\dhcpcsvc.DLL
0x0000000180000000 - 0x0000000180282000 	D:\application\Tomcat\apache-tomcat-9.0.29\bin\tcnative-1.dll
0x00007ffc8fd50000 - 0x00007ffc8fe99000 	C:\Windows\System32\CRYPT32.dll
0x00007ffc8fca0000 - 0x00007ffc8fcb2000 	C:\Windows\System32\MSASN1.dll
0x0000000062aa0000 - 0x0000000062ac4000 	C:\dingdingdong\JDK\jre\bin\sunec.dll
0x0000000062a90000 - 0x0000000062a9b000 	C:\dingdingdong\JDK\jre\bin\sunmscapi.dll
0x00007ffc21d30000 - 0x00007ffc24a13000 	D:\work\extra\ArcSoft\arcsoft_rar\libs\WIN64\libarcsoft_face.dll
0x00007ffc73b40000 - 0x00007ffc73be6000 	C:\Windows\SYSTEM32\MSVCP120.dll
0x00007ffc7c1d0000 - 0x00007ffc7c2bf000 	C:\Windows\SYSTEM32\MSVCR120.dll
0x00007ffc89350000 - 0x00007ffc893cd000 	D:\work\extra\ArcSoft\arcsoft_rar\libs\WIN64\libarcsoft_face_engine.dll
0x00007ffc90f20000 - 0x00007ffc90f88000 	C:\Windows\System32\WLDAP32.dll
0x00007ffc8a140000 - 0x00007ffc8a163000 	D:\work\extra\ArcSoft\arcsoft_rar\libs\WIN64\libarcsoft_face_engine_jni.dll
0x0000000062780000 - 0x0000000062918000 	C:\dingdingdong\JDK\jre\bin\awt.dll
0x00007ffc921d0000 - 0x00007ffc92294000 	C:\Windows\System32\OLEAUT32.dll
0x00007ffc8d790000 - 0x00007ffc8d81f000 	C:\Windows\SYSTEM32\apphelp.dll

VM Arguments:
jvm_args: -Djava.util.logging.config.file=C:\Users\Parker\.IntelliJIdea2018.3\system\tomcat\Unnamed_ARCSOFT_2\conf\logging.properties -Djava.util.logging.manager=org.apache.juli.ClassLoaderLogManager -Dcom.sun.management.jmxremote= -Dcom.sun.management.jmxremote.port=1099 -Dcom.sun.management.jmxremote.ssl=false -Dcom.sun.management.jmxremote.password.file=C:\Users\Parker\.IntelliJIdea2018.3\system\tomcat\Unnamed_ARCSOFT_2\jmxremote.password -Dcom.sun.management.jmxremote.access.file=C:\Users\Parker\.IntelliJIdea2018.3\system\tomcat\Unnamed_ARCSOFT_2\jmxremote.access -Djava.rmi.server.hostname=127.0.0.1 -Djdk.tls.ephemeralDHKeySize=2048 -Djava.protocol.handler.pkgs=org.apache.catalina.webresources -Dignore.endorsed.dirs= -Dcatalina.base=C:\Users\Parker\.IntelliJIdea2018.3\system\tomcat\Unnamed_ARCSOFT_2 -Dcatalina.home=D:\application\Tomcat\apache-tomcat-9.0.29 -Djava.io.tmpdir=D:\application\Tomcat\apache-tomcat-9.0.29\temp 
java_command: org.apache.catalina.startup.Bootstrap start
java_class_path (initial): D:\application\Tomcat\apache-tomcat-9.0.29\bin\bootstrap.jar;D:\application\Tomcat\apache-tomcat-9.0.29\bin\tomcat-juli.jar
Launcher Type: SUN_STANDARD

Environment Variables:
JAVA_HOME=C:\dingdingdong\JDK
JRE_HOME=C:\dingdingdong\JDK
CLASSPATH=D:\application\Tomcat\apache-tomcat-9.0.29\bin\bootstrap.jar;D:\application\Tomcat\apache-tomcat-9.0.29\bin\tomcat-juli.jar
PATH=C:\ProgramData\Oracle\Java\javapath;C:\Windows\system32;C:\Windows;C:\Windows\System32\Wbem;C:\Windows\System32\WindowsPowerShell\v1.0\;C:\Windows\System32\OpenSSH\;C:\dingdingdong\JDK\bin;C:\Program Files\Microsoft SQL Server\120\DTS\Binn\;C:\Program Files\Microsoft SQL Server\Client SDK\ODBC\110\Tools\Binn\;C:\Program Files (x86)\Microsoft SQL Server\120\Tools\Binn\;C:\Program Files\Microsoft SQL Server\120\Tools\Binn\;C:\Program Files (x86)\Microsoft SQL Server\120\Tools\Binn\ManagementStudio\;C:\Program Files (x86)\Microsoft SQL Server\120\DTS\Binn\;D:\Tomcat\apache-tomcat-9.0.29\bin;C:\Program Files\Microsoft SQL Server\130\Tools\Binn\;D:\application\python3.5.6\install\Scripts\;D:\application\python3.5.6\install\;C:\Users\Parker\AppData\Local\Microsoft\WindowsApps;;D:\application\IDEA\IntelliJ IDEA 2018.3.4\bin;
USERNAME=Parker
OS=Windows_NT
PROCESSOR_IDENTIFIER=Intel64 Family 6 Model 142 Stepping 9, GenuineIntel



---------------  S Y S T E M  ---------------

OS: Windows 10.0 , 64 bit Build 18362 (10.0.18362.329)

CPU:total 4 (2 cores per cpu, 2 threads per core) family 6 model 142 stepping 9, cmov, cx8, fxsr, mmx, sse, sse2, sse3, ssse3, sse4.1, sse4.2, popcnt, avx, avx2, aes, clmul, erms, 3dnowpref, lzcnt, ht, tsc, tscinvbit, bmi1, bmi2, adx

Memory: 4k page, physical 4074596k(231036k free), swap 16657508k(6556k free)

vm_info: Java HotSpot(TM) 64-Bit Server VM (25.111-b14) for windows-amd64 JRE (1.8.0_111-b14), built on Sep 22 2016 19:24:05 by "java_re" with MS VC++ 10.0 (VS2010)

time: Sat Dec 07 16:04:06 2019
elapsed time: 51 seconds (0d 0h 0m 51s)

