#
# There is insufficient memory for the Java Runtime Environment to continue.
# Native memory allocation (malloc) failed to allocate 65552 bytes for Chunk::new
# Possible reasons:
#   The system is out of physical RAM or swap space
#   In 32 bit mode, the process size limit was hit
# Possible solutions:
#   Reduce memory load on the system
#   Increase physical memory or swap space
#   Check if swap backing store is full
#   Use 64 bit Java on a 64 bit OS
#   Decrease Java heap size (-Xmx/-Xms)
#   Decrease number of Java threads
#   Decrease Java thread stack sizes (-Xss)
#   Set larger code cache with -XX:ReservedCodeCacheSize=
# This output file may be truncated or incomplete.
#
#  Out of Memory Error (allocation.cpp:390), pid=2828, tid=0x0000000000002278
#
# JRE version: Java(TM) SE Runtime Environment (8.0_111-b14) (build 1.8.0_111-b14)
# Java VM: Java HotSpot(TM) 64-Bit Server VM (25.111-b14 mixed mode windows-amd64 compressed oops)
# Failed to write core dump. Minidumps are not enabled by default on client versions of Windows
#

---------------  T H R E A D  ---------------

Current thread (0x00000000164ce000):  JavaThread "C2 CompilerThread0" daemon [_thread_in_native, id=8824, stack(0x0000000016cf0000,0x0000000016df0000)]

Stack: [0x0000000016cf0000,0x0000000016df0000]
[error occurred during error reporting (printing stack bounds), id 0xc0000005]

Native frames: (J=compiled Java code, j=interpreted, Vv=VM code, C=native code)


Current CompileTask:
C2:1039712 4999 % !   4       org.eclipse.jdt.internal.compiler.classfmt.ClassFileReader::<init> @ 63 (1936 bytes)


---------------  P R O C E S S  ---------------

Java Threads: ( => current thread )
  0x00000000188f0800 JavaThread "Java2D Disposer" daemon [_thread_blocked, id=15552, stack(0x00000000567a0000,0x00000000568a0000)]
  0x00000000188f5000 JavaThread "ajp-nio-8009-Acceptor" daemon [_thread_in_native, id=1256, stack(0x000000001b770000,0x000000001b870000)]
  0x00000000188f2000 JavaThread "ajp-nio-8009-ClientPoller" daemon [_thread_in_native, id=14920, stack(0x000000001b670000,0x000000001b770000)]
  0x00000000188f3800 JavaThread "ajp-nio-8009-exec-10" daemon [_thread_blocked, id=14256, stack(0x000000001b570000,0x000000001b670000)]
  0x00000000188f4800 JavaThread "ajp-nio-8009-exec-9" daemon [_thread_blocked, id=5800, stack(0x000000001b470000,0x000000001b570000)]
  0x00000000188e9000 JavaThread "ajp-nio-8009-exec-8" daemon [_thread_blocked, id=708, stack(0x000000001b370000,0x000000001b470000)]
  0x00000000188f0000 JavaThread "ajp-nio-8009-exec-7" daemon [_thread_blocked, id=18172, stack(0x000000001b270000,0x000000001b370000)]
  0x00000000188e8800 JavaThread "ajp-nio-8009-exec-6" daemon [_thread_blocked, id=5220, stack(0x000000001b170000,0x000000001b270000)]
  0x00000000188ef000 JavaThread "ajp-nio-8009-exec-5" daemon [_thread_blocked, id=3512, stack(0x000000001b070000,0x000000001b170000)]
  0x00000000188e7800 JavaThread "ajp-nio-8009-exec-4" daemon [_thread_blocked, id=15408, stack(0x000000001af70000,0x000000001b070000)]
  0x00000000188ee800 JavaThread "ajp-nio-8009-exec-3" daemon [_thread_blocked, id=6136, stack(0x000000001ae70000,0x000000001af70000)]
  0x00000000188ed800 JavaThread "ajp-nio-8009-exec-2" daemon [_thread_blocked, id=14380, stack(0x000000001ad70000,0x000000001ae70000)]
  0x00000000188ec000 JavaThread "ajp-nio-8009-exec-1" daemon [_thread_blocked, id=2608, stack(0x000000001ac70000,0x000000001ad70000)]
  0x00000000188eb800 JavaThread "http-nio-8080-Acceptor" daemon [_thread_in_native, id=7176, stack(0x000000001ab70000,0x000000001ac70000)]
  0x00000000188ea000 JavaThread "http-nio-8080-ClientPoller" daemon [_thread_in_native, id=896, stack(0x000000001aa70000,0x000000001ab70000)]
  0x00000000188ea800 JavaThread "Catalina-utility-2" [_thread_blocked, id=8560, stack(0x000000001a970000,0x000000001aa70000)]
  0x00000000188ed000 JavaThread "http-nio-8080-exec-10" daemon [_thread_blocked, id=5532, stack(0x000000001a870000,0x000000001a970000)]
  0x000000001891a800 JavaThread "http-nio-8080-exec-9" daemon [_thread_blocked, id=11484, stack(0x000000001a770000,0x000000001a870000)]
  0x0000000018920000 JavaThread "http-nio-8080-exec-8" daemon [_thread_blocked, id=10576, stack(0x000000001a670000,0x000000001a770000)]
  0x000000001891e800 JavaThread "http-nio-8080-exec-7" daemon [_thread_blocked, id=9408, stack(0x000000001a570000,0x000000001a670000)]
  0x000000001891d800 JavaThread "http-nio-8080-exec-6" daemon [_thread_blocked, id=19092, stack(0x000000001a470000,0x000000001a570000)]
  0x000000001891f000 JavaThread "http-nio-8080-exec-5" daemon [_thread_blocked, id=3524, stack(0x000000001a370000,0x000000001a470000)]
  0x000000001891d000 JavaThread "http-nio-8080-exec-4" daemon [_thread_blocked, id=18484, stack(0x000000001a270000,0x000000001a370000)]
  0x000000001891a000 JavaThread "http-nio-8080-exec-3" daemon [_thread_blocked, id=7824, stack(0x000000001a170000,0x000000001a270000)]
  0x0000000018919000 JavaThread "http-nio-8080-exec-2" daemon [_thread_in_native, id=10760, stack(0x000000001a070000,0x000000001a170000)]
  0x000000001891c000 JavaThread "http-nio-8080-exec-1" daemon [_thread_blocked, id=18816, stack(0x0000000019f70000,0x000000001a070000)]
  0x000000001891b800 JavaThread "Catalina-utility-1" [_thread_blocked, id=7756, stack(0x0000000019e70000,0x0000000019f70000)]
  0x0000000018aee000 JavaThread "ajp-nio-8009-BlockPoller" daemon [_thread_in_native, id=7320, stack(0x0000000019cc0000,0x0000000019dc0000)]
  0x0000000018b8d800 JavaThread "http-nio-8080-BlockPoller" daemon [_thread_in_native, id=4584, stack(0x0000000019bc0000,0x0000000019cc0000)]
  0x0000000018ad3000 JavaThread "GC Daemon" daemon [_thread_blocked, id=17648, stack(0x00000000198c0000,0x00000000199c0000)]
  0x00000000175ee000 JavaThread "RMI Scheduler(0)" daemon [_thread_blocked, id=16064, stack(0x00000000181f0000,0x00000000182f0000)]
  0x00000000173ad000 JavaThread "RMI TCP Accept-0" daemon [_thread_in_native, id=7664, stack(0x0000000017ef0000,0x0000000017ff0000)]
  0x00000000173a5000 JavaThread "RMI TCP Accept-1099" daemon [_thread_in_native, id=8224, stack(0x0000000017df0000,0x0000000017ef0000)]
  0x000000001737c800 JavaThread "RMI TCP Accept-0" daemon [_thread_in_native, id=4852, stack(0x0000000017cf0000,0x0000000017df0000)]
  0x00000000167ea000 JavaThread "FileHandlerLogFilesCleaner-1" daemon [_thread_blocked, id=9964, stack(0x00000000179f0000,0x0000000017af0000)]
  0x00000000165fe800 JavaThread "AsyncFileHandlerWriter-1908316405" daemon [_thread_blocked, id=17776, stack(0x00000000170f0000,0x00000000171f0000)]
  0x0000000016509000 JavaThread "Service Thread" daemon [_thread_blocked, id=14020, stack(0x0000000016ff0000,0x00000000170f0000)]
  0x00000000164d2800 JavaThread "C1 CompilerThread2" daemon [_thread_blocked, id=18760, stack(0x0000000016ef0000,0x0000000016ff0000)]
  0x00000000164d0800 JavaThread "C2 CompilerThread1" daemon [_thread_in_native, id=6996, stack(0x0000000016df0000,0x0000000016ef0000)]
=>0x00000000164ce000 JavaThread "C2 CompilerThread0" daemon [_thread_in_native, id=8824, stack(0x0000000016cf0000,0x0000000016df0000)]
  0x00000000150d9800 JavaThread "JDWP Event Helper Thread" daemon [_thread_blocked, id=13536, stack(0x0000000016af0000,0x0000000016bf0000)]
  0x00000000150b3000 JavaThread "Attach Listener" daemon [_thread_blocked, id=1056, stack(0x00000000168f0000,0x00000000169f0000)]
  0x00000000150c7000 JavaThread "Signal Dispatcher" daemon [_thread_blocked, id=13168, stack(0x00000000167f0000,0x00000000168f0000)]
  0x0000000002acd800 JavaThread "Finalizer" daemon [_thread_blocked, id=17800, stack(0x00000000162f0000,0x00000000163f0000)]
  0x0000000002ac4800 JavaThread "Reference Handler" daemon [_thread_blocked, id=2112, stack(0x00000000161f0000,0x00000000162f0000)]
  0x00000000029d4000 JavaThread "main" [_thread_in_native, id=7084, stack(0x00000000026d0000,0x00000000027d0000)]

Other Threads:
  0x0000000015068000 VMThread [stack: 0x00000000160f0000,0x00000000161f0000] [id=17328]
  0x00000000173af800 WatcherThread [stack: 0x0000000017ff0000,0x00000000180f0000] [id=16404]

VM state:not at safepoint (normal execution)

VM Mutex/Monitor currently owned by a thread: None

Heap:
 PSYoungGen      total 74240K, used 65601K [0x00000000eb400000, 0x00000000f0f00000, 0x0000000100000000)
  eden space 63488K, 86% used [0x00000000eb400000,0x00000000ee996de8,0x00000000ef200000)
  from space 10752K, 99% used [0x00000000ef500000,0x00000000eff797e8,0x00000000eff80000)
  to   space 14848K, 0% used [0x00000000f0080000,0x00000000f0080000,0x00000000f0f00000)
 ParOldGen       total 35328K, used 25725K [0x00000000c1c00000, 0x00000000c3e80000, 0x00000000eb400000)
  object space 35328K, 72% used [0x00000000c1c00000,0x00000000c351f568,0x00000000c3e80000)
 Metaspace       used 32411K, capacity 33134K, committed 33408K, reserved 1079296K
  class space    used 3169K, capacity 3367K, committed 3456K, reserved 1048576K

Card table byte_map: [0x0000000011e90000,0x0000000012090000] byte_map_base: 0x0000000011882000

Marking Bits: (ParMarkBitMap*) 0x000000005496a6c0
 Begin Bits: [0x00000000125e0000, 0x0000000013570000)
 End Bits:   [0x0000000013570000, 0x0000000014500000)

Polling page: 0x0000000000b60000

CodeCache: size=245760Kb used=16349Kb max_used=16349Kb free=229410Kb
 bounds [0x0000000002ad0000, 0x0000000003ae0000, 0x0000000011ad0000]
 total_blobs=4730 nmethods=4228 adapters=421
 compilation: enabled

Compilation events (10 events):
Event: 1039.682 Thread 0x00000000164d2800 5025       3       org.eclipse.jdt.internal.compiler.ClassFile::initializeLocals (189 bytes)
Event: 1039.683 Thread 0x00000000164d2800 nmethod 5025 0x0000000003adbe10 code [0x0000000003adbfe0, 0x0000000003adc908]
Event: 1039.683 Thread 0x00000000164d2800 5026       3       org.eclipse.jdt.internal.compiler.codegen.CachedIndexEntry::<init> (15 bytes)
Event: 1039.683 Thread 0x00000000164d2800 nmethod 5026 0x0000000003add110 code [0x0000000003add260, 0x0000000003add430]
Event: 1039.683 Thread 0x00000000164d2800 5023       1       org.eclipse.jdt.internal.compiler.flow.ConditionalFlowInfo::initsWhenFalse (5 bytes)
Event: 1039.683 Thread 0x00000000164d2800 nmethod 5023 0x0000000003add4d0 code [0x0000000003add620, 0x0000000003add730]
Event: 1039.683 Thread 0x00000000164d2800 5027       1       org.eclipse.jdt.internal.compiler.ast.Expression::optimizedBooleanConstant (5 bytes)
Event: 1039.684 Thread 0x00000000164d2800 nmethod 5027 0x0000000003add790 code [0x0000000003add8e0, 0x0000000003add9f0]
Event: 1039.684 Thread 0x00000000164d2800 5030       3       org.eclipse.jdt.internal.compiler.codegen.StackMapFrame::getOffsetDelta (36 bytes)
Event: 1039.685 Thread 0x00000000164d2800 nmethod 5030 0x0000000003adda50 code [0x0000000003addbc0, 0x0000000003adddd0]

GC Heap History (10 events):
Event: 43.614 GC heap before
{Heap before GC invocations=10 (full 1):
 PSYoungGen      total 56320K, used 56224K [0x00000000eb400000, 0x00000000efc80000, 0x0000000100000000)
  eden space 51200K, 100% used [0x00000000eb400000,0x00000000ee600000,0x00000000ee600000)
  from space 5120K, 98% used [0x00000000ef780000,0x00000000efc681f8,0x00000000efc80000)
  to   space 7680K, 0% used [0x00000000eed80000,0x00000000eed80000,0x00000000ef500000)
 ParOldGen       total 35328K, used 9091K [0x00000000c1c00000, 0x00000000c3e80000, 0x00000000eb400000)
  object space 35328K, 25% used [0x00000000c1c00000,0x00000000c24e0e60,0x00000000c3e80000)
 Metaspace       used 29479K, capacity 29948K, committed 30208K, reserved 1077248K
  class space    used 3018K, capacity 3213K, committed 3328K, reserved 1048576K
Event: 43.628 GC heap after
Heap after GC invocations=10 (full 1):
 PSYoungGen      total 66560K, used 7679K [0x00000000eb400000, 0x00000000f0900000, 0x0000000100000000)
  eden space 58880K, 0% used [0x00000000eb400000,0x00000000eb400000,0x00000000eed80000)
  from space 7680K, 99% used [0x00000000eed80000,0x00000000ef4ffc80,0x00000000ef500000)
  to   space 8704K, 0% used [0x00000000f0080000,0x00000000f0080000,0x00000000f0900000)
 ParOldGen       total 35328K, used 9436K [0x00000000c1c00000, 0x00000000c3e80000, 0x00000000eb400000)
  object space 35328K, 26% used [0x00000000c1c00000,0x00000000c25371b8,0x00000000c3e80000)
 Metaspace       used 29479K, capacity 29948K, committed 30208K, reserved 1077248K
  class space    used 3018K, capacity 3213K, committed 3328K, reserved 1048576K
}
Event: 297.793 GC heap before
{Heap before GC invocations=11 (full 1):
 PSYoungGen      total 66560K, used 65205K [0x00000000eb400000, 0x00000000f0900000, 0x0000000100000000)
  eden space 58880K, 97% used [0x00000000eb400000,0x00000000eec2db40,0x00000000eed80000)
  from space 7680K, 99% used [0x00000000eed80000,0x00000000ef4ffc80,0x00000000ef500000)
  to   space 8704K, 0% used [0x00000000f0080000,0x00000000f0080000,0x00000000f0900000)
 ParOldGen       total 35328K, used 9436K [0x00000000c1c00000, 0x00000000c3e80000, 0x00000000eb400000)
  object space 35328K, 26% used [0x00000000c1c00000,0x00000000c25371b8,0x00000000c3e80000)
 Metaspace       used 31621K, capacity 32360K, committed 32640K, reserved 1079296K
  class space    used 3166K, capacity 3365K, committed 3456K, reserved 1048576K
Event: 297.845 GC heap after
Heap after GC invocations=11 (full 1):
 PSYoungGen      total 78848K, used 5245K [0x00000000eb400000, 0x00000000f0f80000, 0x0000000100000000)
  eden space 70144K, 0% used [0x00000000eb400000,0x00000000eb400000,0x00000000ef880000)
  from space 8704K, 60% used [0x00000000f0080000,0x00000000f059f478,0x00000000f0900000)
  to   space 8192K, 0% used [0x00000000ef880000,0x00000000ef880000,0x00000000f0080000)
 ParOldGen       total 35328K, used 10246K [0x00000000c1c00000, 0x00000000c3e80000, 0x00000000eb400000)
  object space 35328K, 29% used [0x00000000c1c00000,0x00000000c2601a50,0x00000000c3e80000)
 Metaspace       used 31621K, capacity 32360K, committed 32640K, reserved 1079296K
  class space    used 3166K, capacity 3365K, committed 3456K, reserved 1048576K
}
Event: 436.929 GC heap before
{Heap before GC invocations=12 (full 1):
 PSYoungGen      total 78848K, used 75389K [0x00000000eb400000, 0x00000000f0f80000, 0x0000000100000000)
  eden space 70144K, 100% used [0x00000000eb400000,0x00000000ef880000,0x00000000ef880000)
  from space 8704K, 60% used [0x00000000f0080000,0x00000000f059f478,0x00000000f0900000)
  to   space 8192K, 0% used [0x00000000ef880000,0x00000000ef880000,0x00000000f0080000)
 ParOldGen       total 35328K, used 10246K [0x00000000c1c00000, 0x00000000c3e80000, 0x00000000eb400000)
  object space 35328K, 29% used [0x00000000c1c00000,0x00000000c2601a50,0x00000000c3e80000)
 Metaspace       used 31894K, capacity 32552K, committed 32896K, reserved 1079296K
  class space    used 3168K, capacity 3365K, committed 3456K, reserved 1048576K
Event: 436.952 GC heap after
Heap after GC invocations=12 (full 1):
 PSYoungGen      total 75776K, used 8190K [0x00000000eb400000, 0x00000000f0a00000, 0x0000000100000000)
  eden space 67584K, 0% used [0x00000000eb400000,0x00000000eb400000,0x00000000ef600000)
  from space 8192K, 99% used [0x00000000ef880000,0x00000000f007fbe0,0x00000000f0080000)
  to   space 9728K, 0% used [0x00000000f0080000,0x00000000f0080000,0x00000000f0a00000)
 ParOldGen       total 35328K, used 12481K [0x00000000c1c00000, 0x00000000c3e80000, 0x00000000eb400000)
  object space 35328K, 35% used [0x00000000c1c00000,0x00000000c2830518,0x00000000c3e80000)
 Metaspace       used 31894K, capacity 32552K, committed 32896K, reserved 1079296K
  class space    used 3168K, capacity 3365K, committed 3456K, reserved 1048576K
}
Event: 502.646 GC heap before
{Heap before GC invocations=13 (full 1):
 PSYoungGen      total 75776K, used 75093K [0x00000000eb400000, 0x00000000f0a00000, 0x0000000100000000)
  eden space 67584K, 98% used [0x00000000eb400000,0x00000000ef555938,0x00000000ef600000)
  from space 8192K, 99% used [0x00000000ef880000,0x00000000f007fbe0,0x00000000f0080000)
  to   space 9728K, 0% used [0x00000000f0080000,0x00000000f0080000,0x00000000f0a00000)
 ParOldGen       total 35328K, used 12481K [0x00000000c1c00000, 0x00000000c3e80000, 0x00000000eb400000)
  object space 35328K, 35% used [0x00000000c1c00000,0x00000000c2830518,0x00000000c3e80000)
 Metaspace       used 31984K, capacity 32680K, committed 33152K, reserved 1079296K
  class space    used 3168K, capacity 3365K, committed 3456K, reserved 1048576K
Event: 502.833 GC heap after
Heap after GC invocations=13 (full 1):
 PSYoungGen      total 75264K, used 9347K [0x00000000eb400000, 0x00000000f0a00000, 0x0000000100000000)
  eden space 65536K, 0% used [0x00000000eb400000,0x00000000eb400000,0x00000000ef400000)
  from space 9728K, 96% used [0x00000000f0080000,0x00000000f09a0d38,0x00000000f0a00000)
  to   space 10752K, 0% used [0x00000000ef500000,0x00000000ef500000,0x00000000eff80000)
 ParOldGen       total 35328K, used 19271K [0x00000000c1c00000, 0x00000000c3e80000, 0x00000000eb400000)
  object space 35328K, 54% used [0x00000000c1c00000,0x00000000c2ed1f10,0x00000000c3e80000)
 Metaspace       used 31984K, capacity 32680K, committed 33152K, reserved 1079296K
  class space    used 3168K, capacity 3365K, committed 3456K, reserved 1048576K
}
Event: 646.348 GC heap before
{Heap before GC invocations=14 (full 1):
 PSYoungGen      total 75264K, used 74674K [0x00000000eb400000, 0x00000000f0a00000, 0x0000000100000000)
  eden space 65536K, 99% used [0x00000000eb400000,0x00000000ef3cbcc8,0x00000000ef400000)
  from space 9728K, 96% used [0x00000000f0080000,0x00000000f09a0d38,0x00000000f0a00000)
  to   space 10752K, 0% used [0x00000000ef500000,0x00000000ef500000,0x00000000eff80000)
 ParOldGen       total 35328K, used 19271K [0x00000000c1c00000, 0x00000000c3e80000, 0x00000000eb400000)
  object space 35328K, 54% used [0x00000000c1c00000,0x00000000c2ed1f10,0x00000000c3e80000)
 Metaspace       used 32094K, capacity 32744K, committed 33152K, reserved 1079296K
  class space    used 3168K, capacity 3365K, committed 3456K, reserved 1048576K
Event: 646.364 GC heap after
Heap after GC invocations=14 (full 1):
 PSYoungGen      total 74240K, used 10725K [0x00000000eb400000, 0x00000000f0f00000, 0x0000000100000000)
  eden space 63488K, 0% used [0x00000000eb400000,0x00000000eb400000,0x00000000ef200000)
  from space 10752K, 99% used [0x00000000ef500000,0x00000000eff797e8,0x00000000eff80000)
  to   space 14848K, 0% used [0x00000000f0080000,0x00000000f0080000,0x00000000f0f00000)
 ParOldGen       total 35328K, used 25725K [0x00000000c1c00000, 0x00000000c3e80000, 0x00000000eb400000)
  object space 35328K, 72% used [0x00000000c1c00000,0x00000000c351f568,0x00000000c3e80000)
 Metaspace       used 32094K, capacity 32744K, committed 33152K, reserved 1079296K
  class space    used 3168K, capacity 3365K, committed 3456K, reserved 1048576K
}

Deoptimization events (10 events):
Event: 332.721 Thread 0x000000001891a000 Uncommon trap: reason=unstable_if action=reinterpret pc=0x00000000037c9704 method=java.awt.image.ComponentColorModel.getDataElements(ILjava/lang/Object;)Ljava/lang/Object; @ 30
Event: 364.460 Thread 0x00000000188ed000 Uncommon trap: reason=unstable_if action=reinterpret pc=0x000000000348da90 method=java.awt.image.BufferedImage.getRGB(IIII[III)[I @ 163
Event: 364.497 Thread 0x00000000188ed000 Uncommon trap: reason=unstable_if action=reinterpret pc=0x0000000002e5fb1c method=java.util.ArrayList.rangeCheck(I)V @ 5
Event: 436.954 Thread 0x0000000002acd800 Uncommon trap: reason=unstable_if action=reinterpret pc=0x0000000003815900 method=java.lang.ref.Finalizer.remove()V @ 10
Event: 502.837 Thread 0x0000000002acd800 Uncommon trap: reason=unstable_if action=reinterpret pc=0x0000000003800fe8 method=java.lang.ref.Finalizer.remove()V @ 10
Event: 916.355 Thread 0x00000000188ea800 Uncommon trap: reason=predicate action=maybe_recompile pc=0x0000000003a25f4c method=java.util.AbstractCollection.toArray([Ljava/lang/Object;)[Ljava/lang/Object; @ 49
Event: 936.382 Thread 0x00000000188ea800 Uncommon trap: reason=array_check action=maybe_recompile pc=0x0000000003a26628 method=java.util.AbstractCollection.toArray([Ljava/lang/Object;)[Ljava/lang/Object; @ 119
Event: 936.382 Thread 0x00000000188ea800 Uncommon trap: reason=array_check action=maybe_recompile pc=0x0000000003a26628 method=java.util.AbstractCollection.toArray([Ljava/lang/Object;)[Ljava/lang/Object; @ 119
Event: 936.382 Thread 0x00000000188ea800 Uncommon trap: reason=array_check action=maybe_recompile pc=0x0000000003a26628 method=java.util.AbstractCollection.toArray([Ljava/lang/Object;)[Ljava/lang/Object; @ 119
Event: 936.382 Thread 0x00000000188ea800 Uncommon trap: reason=array_check action=maybe_recompile pc=0x0000000003a26628 method=java.util.AbstractCollection.toArray([Ljava/lang/Object;)[Ljava/lang/Object; @ 119

Internal exceptions (10 events):
Event: 683.323 Thread 0x000000001891a800 Exception <a 'java/io/IOException'> (0x00000000ec5c6cc8) thrown at [C:\re\workspace\8-2-build-windows-amd64-cygwin\jdk8u111\7883\hotspot\src\share\vm\prims\jni.cpp, line 709]
Event: 683.324 Thread 0x000000001891a800 Exception <a 'java/io/IOException'> (0x00000000ec5c6f88) thrown at [C:\re\workspace\8-2-build-windows-amd64-cygwin\jdk8u111\7883\hotspot\src\share\vm\prims\jni.cpp, line 709]
Event: 683.324 Thread 0x000000001891a800 Exception <a 'java/io/IOException'> (0x00000000ec5c7430) thrown at [C:\re\workspace\8-2-build-windows-amd64-cygwin\jdk8u111\7883\hotspot\src\share\vm\prims\jni.cpp, line 709]
Event: 683.324 Thread 0x000000001891a800 Exception <a 'java/io/IOException'> (0x00000000ec5c78a8) thrown at [C:\re\workspace\8-2-build-windows-amd64-cygwin\jdk8u111\7883\hotspot\src\share\vm\prims\jni.cpp, line 709]
Event: 685.550 Thread 0x000000001891d000 Exception <a 'java/io/IOException'> (0x00000000ec631798) thrown at [C:\re\workspace\8-2-build-windows-amd64-cygwin\jdk8u111\7883\hotspot\src\share\vm\prims\jni.cpp, line 709]
Event: 685.550 Thread 0x000000001891d000 Exception <a 'java/io/IOException'> (0x00000000ec631c40) thrown at [C:\re\workspace\8-2-build-windows-amd64-cygwin\jdk8u111\7883\hotspot\src\share\vm\prims\jni.cpp, line 709]
Event: 685.550 Thread 0x000000001891d000 Exception <a 'java/io/IOException'> (0x00000000ec6320b8) thrown at [C:\re\workspace\8-2-build-windows-amd64-cygwin\jdk8u111\7883\hotspot\src\share\vm\prims\jni.cpp, line 709]
Event: 685.550 Thread 0x000000001891d000 Exception <a 'java/io/IOException'> (0x00000000ec632378) thrown at [C:\re\workspace\8-2-build-windows-amd64-cygwin\jdk8u111\7883\hotspot\src\share\vm\prims\jni.cpp, line 709]
Event: 685.550 Thread 0x000000001891d000 Exception <a 'java/io/IOException'> (0x00000000ec632820) thrown at [C:\re\workspace\8-2-build-windows-amd64-cygwin\jdk8u111\7883\hotspot\src\share\vm\prims\jni.cpp, line 709]
Event: 685.550 Thread 0x000000001891d000 Exception <a 'java/io/IOException'> (0x00000000ec632c98) thrown at [C:\re\workspace\8-2-build-windows-amd64-cygwin\jdk8u111\7883\hotspot\src\share\vm\prims\jni.cpp, line 709]

Events (10 events):
Event: 1039.526 Thread 0x00000000164d2800 flushing nmethod 0x0000000002eddb10
Event: 1039.526 Thread 0x00000000164d2800 flushing nmethod 0x0000000002f1add0
Event: 1039.570 Executing VM operation: RevokeBias
Event: 1039.570 Executing VM operation: RevokeBias done
Event: 1039.580 Thread 0x00000000164d2800 flushing nmethod 0x000000000339ac90
Event: 1039.589 Thread 0x00000000164ce000 flushing nmethod 0x00000000037e2190
Event: 1039.631 Thread 0x0000000018919000 DEOPT PACKING pc=0x000000000335c684 sp=0x000000001a16cbe0
Event: 1039.631 Thread 0x0000000018919000 DEOPT UNPACKING pc=0x0000000002b1787f sp=0x000000001a16ca88 mode 0
Event: 1039.680 Thread 0x0000000018919000 DEOPT PACKING pc=0x0000000003613284 sp=0x000000001a16d920
Event: 1039.680 Thread 0x0000000018919000 DEOPT UNPACKING pc=0x0000000002b1787f sp=0x000000001a16d668 mode 0


Dynamic libraries:
0x00007ff6c7130000 - 0x00007ff6c7167000 	C:\dingdingdong\JDK\bin\java.exe
0x00007ffb8a960000 - 0x00007ffb8ab50000 	C:\Windows\SYSTEM32\ntdll.dll
0x00007ffb8a520000 - 0x00007ffb8a5d2000 	C:\Windows\System32\KERNEL32.DLL
0x00007ffb87a70000 - 0x00007ffb87d13000 	C:\Windows\System32\KERNELBASE.dll
0x00007ffb89b10000 - 0x00007ffb89bb3000 	C:\Windows\System32\ADVAPI32.dll
0x00007ffb8a480000 - 0x00007ffb8a51e000 	C:\Windows\System32\msvcrt.dll
0x00007ffb897f0000 - 0x00007ffb89887000 	C:\Windows\System32\sechost.dll
0x00007ffb89390000 - 0x00007ffb894b0000 	C:\Windows\System32\RPCRT4.dll
0x00007ffb8a690000 - 0x00007ffb8a824000 	C:\Windows\System32\USER32.dll
0x00007ffb889e0000 - 0x00007ffb88a01000 	C:\Windows\System32\win32u.dll
0x00007ffb8a8e0000 - 0x00007ffb8a906000 	C:\Windows\System32\GDI32.dll
0x00007ffb88750000 - 0x00007ffb888e4000 	C:\Windows\System32\gdi32full.dll
0x00007ffb88910000 - 0x00007ffb889ae000 	C:\Windows\System32\msvcp_win.dll
0x00007ffb878f0000 - 0x00007ffb879ea000 	C:\Windows\System32\ucrtbase.dll
0x00007ffb6d080000 - 0x00007ffb6d305000 	C:\Windows\WinSxS\amd64_microsoft.windows.common-controls_6595b64144ccf1df_6.0.18362.535_none_e6c3b34713100821\COMCTL32.dll
0x00007ffb894b0000 - 0x00007ffb897e6000 	C:\Windows\System32\combase.dll
0x00007ffb879f0000 - 0x00007ffb87a70000 	C:\Windows\System32\bcryptPrimitives.dll
0x00007ffb8a5e0000 - 0x00007ffb8a60e000 	C:\Windows\System32\IMM32.DLL
0x0000000056070000 - 0x0000000056142000 	C:\dingdingdong\JDK\jre\bin\msvcr100.dll
0x0000000054150000 - 0x00000000549ea000 	C:\dingdingdong\JDK\jre\bin\server\jvm.dll
0x00007ffb88a10000 - 0x00007ffb88a18000 	C:\Windows\System32\PSAPI.DLL
0x00007ffb80550000 - 0x00007ffb8055a000 	C:\Windows\SYSTEM32\VERSION.dll
0x00007ffb853f0000 - 0x00007ffb85414000 	C:\Windows\SYSTEM32\WINMM.dll
0x00007ffb72980000 - 0x00007ffb72989000 	C:\Windows\SYSTEM32\WSOCK32.dll
0x00007ffb89bc0000 - 0x00007ffb89c2f000 	C:\Windows\System32\WS2_32.dll
0x00007ffb84f70000 - 0x00007ffb84f9d000 	C:\Windows\SYSTEM32\WINMMBASE.dll
0x00007ffb885b0000 - 0x00007ffb885fa000 	C:\Windows\System32\cfgmgr32.dll
0x0000000056ed0000 - 0x0000000056edf000 	C:\dingdingdong\JDK\jre\bin\verify.dll
0x0000000056ea0000 - 0x0000000056ec9000 	C:\dingdingdong\JDK\jre\bin\java.dll
0x0000000056030000 - 0x0000000056065000 	C:\dingdingdong\JDK\jre\bin\jdwp.dll
0x00000000561f0000 - 0x00000000561f8000 	C:\dingdingdong\JDK\jre\bin\npt.dll
0x0000000056000000 - 0x0000000056023000 	C:\dingdingdong\JDK\jre\bin\instrument.dll
0x0000000056e80000 - 0x0000000056e96000 	C:\dingdingdong\JDK\jre\bin\zip.dll
0x00007ffb88b00000 - 0x00007ffb891e5000 	C:\Windows\System32\SHELL32.dll
0x00007ffb89890000 - 0x00007ffb89939000 	C:\Windows\System32\shcore.dll
0x00007ffb87dd0000 - 0x00007ffb8854f000 	C:\Windows\System32\windows.storage.dll
0x00007ffb87860000 - 0x00007ffb8787f000 	C:\Windows\System32\profapi.dll
0x00007ffb87880000 - 0x00007ffb878ca000 	C:\Windows\System32\powrprof.dll
0x00007ffb87830000 - 0x00007ffb87840000 	C:\Windows\System32\UMPDC.dll
0x00007ffb88aa0000 - 0x00007ffb88af2000 	C:\Windows\System32\shlwapi.dll
0x00007ffb87840000 - 0x00007ffb87851000 	C:\Windows\System32\kernel.appcore.dll
0x00007ffb888f0000 - 0x00007ffb88907000 	C:\Windows\System32\cryptsp.dll
0x00000000561e0000 - 0x00000000561e9000 	C:\dingdingdong\JDK\jre\bin\dt_socket.dll
0x00007ffb870a0000 - 0x00007ffb87107000 	C:\Windows\system32\mswsock.dll
0x00007ffb86c10000 - 0x00007ffb86c43000 	C:\Windows\system32\rsaenh.dll
0x00007ffb889b0000 - 0x00007ffb889d6000 	C:\Windows\System32\bcrypt.dll
0x00007ffb87750000 - 0x00007ffb87775000 	C:\Windows\SYSTEM32\USERENV.dll
0x00007ffb87270000 - 0x00007ffb8727c000 	C:\Windows\SYSTEM32\CRYPTBASE.dll
0x0000000056e60000 - 0x0000000056e7a000 	C:\dingdingdong\JDK\jre\bin\net.dll
0x00007ffb86db0000 - 0x00007ffb86dea000 	C:\Windows\SYSTEM32\IPHLPAPI.DLL
0x00007ffb8a910000 - 0x00007ffb8a918000 	C:\Windows\System32\NSI.dll
0x00007ffb7be90000 - 0x00007ffb7bea6000 	C:\Windows\SYSTEM32\dhcpcsvc6.DLL
0x00007ffb7be70000 - 0x00007ffb7be8c000 	C:\Windows\SYSTEM32\dhcpcsvc.DLL
0x00007ffb86e00000 - 0x00007ffb86eca000 	C:\Windows\SYSTEM32\DNSAPI.dll
0x0000000056e40000 - 0x0000000056e51000 	C:\dingdingdong\JDK\jre\bin\nio.dll
0x0000000055ff0000 - 0x0000000055ffd000 	C:\dingdingdong\JDK\jre\bin\management.dll
0x00007ffb37e90000 - 0x00007ffb37ea6000 	C:\Windows\system32\napinsp.dll
0x00007ffb37e70000 - 0x00007ffb37e8a000 	C:\Windows\system32\pnrpnsp.dll
0x00007ffb80830000 - 0x00007ffb8083e000 	C:\Windows\System32\winrnr.dll
0x00007ffb83990000 - 0x00007ffb839ac000 	C:\Windows\system32\NLAapi.dll
0x00007ffb774a0000 - 0x00007ffb774b5000 	C:\Windows\system32\wshbth.dll
0x00007ffb7b010000 - 0x00007ffb7b01a000 	C:\Windows\System32\rasadhlp.dll
0x00007ffb7bcd0000 - 0x00007ffb7bd47000 	C:\Windows\System32\fwpuclnt.dll
0x0000000180000000 - 0x0000000180282000 	D:\application\Tomcat\apache-tomcat-9.0.29\bin\tcnative-1.dll
0x00007ffb88600000 - 0x00007ffb88749000 	C:\Windows\System32\CRYPT32.dll
0x00007ffb878d0000 - 0x00007ffb878e2000 	C:\Windows\System32\MSASN1.dll
0x0000000055fc0000 - 0x0000000055fe4000 	C:\dingdingdong\JDK\jre\bin\sunec.dll
0x0000000055fb0000 - 0x0000000055fbb000 	C:\dingdingdong\JDK\jre\bin\sunmscapi.dll
0x00007ffb1c4a0000 - 0x00007ffb1f183000 	D:\work\extra\ArcSoft\arcsoft_rar\libs\WIN64\libarcsoft_face.dll
0x00007ffb71480000 - 0x00007ffb7156f000 	C:\Windows\SYSTEM32\MSVCR120.dll
0x00007ffb673e0000 - 0x00007ffb67486000 	C:\Windows\SYSTEM32\MSVCP120.dll
0x00007ffb50bd0000 - 0x00007ffb50c4d000 	D:\work\extra\ArcSoft\arcsoft_rar\libs\WIN64\libarcsoft_face_engine.dll
0x00007ffb89aa0000 - 0x00007ffb89b08000 	C:\Windows\System32\WLDAP32.dll
0x00007ffb82440000 - 0x00007ffb82463000 	D:\work\extra\ArcSoft\arcsoft_rar\libs\WIN64\libarcsoft_face_engine_jni.dll
0x0000000056600000 - 0x0000000056798000 	C:\dingdingdong\JDK\jre\bin\awt.dll
0x00007ffb892c0000 - 0x00007ffb89384000 	C:\Windows\System32\OLEAUT32.dll
0x00007ffb85620000 - 0x00007ffb856af000 	C:\Windows\SYSTEM32\apphelp.dll

VM Arguments:
jvm_args: -Djava.util.logging.config.file=C:\Users\Parker\.IntelliJIdea2018.3\system\tomcat\Unnamed_ARCSOFT_2\conf\logging.properties -Djava.util.logging.manager=org.apache.juli.ClassLoaderLogManager -agentlib:jdwp=transport=dt_socket,address=127.0.0.1:50408,suspend=y,server=n -javaagent:C:\Users\Parker\.IntelliJIdea2018.3\system\captureAgent\debugger-agent.jar -Dcom.sun.management.jmxremote= -Dcom.sun.management.jmxremote.port=1099 -Dcom.sun.management.jmxremote.ssl=false -Dcom.sun.management.jmxremote.password.file=C:\Users\Parker\.IntelliJIdea2018.3\system\tomcat\Unnamed_ARCSOFT_2\jmxremote.password -Dcom.sun.management.jmxremote.access.file=C:\Users\Parker\.IntelliJIdea2018.3\system\tomcat\Unnamed_ARCSOFT_2\jmxremote.access -Djava.rmi.server.hostname=127.0.0.1 -Djdk.tls.ephemeralDHKeySize=2048 -Djava.protocol.handler.pkgs=org.apache.catalina.webresources -Dignore.endorsed.dirs= -Dcatalina.base=C:\Users\Parker\.IntelliJIdea2018.3\system\tomcat\Unnamed_ARCSOFT_2 -Dcatalina.home=D:\application\Tomcat\apache-tomcat-9.0.29 -Djava.io.tmpdir=D:\application\Tomcat\apache-tomcat-9.0.29\temp 
java_command: org.apache.catalina.startup.Bootstrap start
java_class_path (initial): D:\application\Tomcat\apache-tomcat-9.0.29\bin\bootstrap.jar;D:\application\Tomcat\apache-tomcat-9.0.29\bin\tomcat-juli.jar;C:\Users\Parker\.IntelliJIdea2018.3\system\captureAgent\debugger-agent.jar
Launcher Type: SUN_STANDARD

Environment Variables:
JAVA_HOME=C:\dingdingdong\JDK
JRE_HOME=C:\dingdingdong\JDK
CLASSPATH=D:\application\Tomcat\apache-tomcat-9.0.29\bin\bootstrap.jar;D:\application\Tomcat\apache-tomcat-9.0.29\bin\tomcat-juli.jar
PATH=C:\ProgramData\Oracle\Java\javapath;C:\Windows\system32;C:\Windows;C:\Windows\System32\Wbem;C:\Windows\System32\WindowsPowerShell\v1.0\;C:\Windows\System32\OpenSSH\;C:\dingdingdong\JDK\bin;C:\Program Files\Microsoft SQL Server\120\DTS\Binn\;C:\Program Files\Microsoft SQL Server\Client SDK\ODBC\110\Tools\Binn\;C:\Program Files (x86)\Microsoft SQL Server\120\Tools\Binn\;C:\Program Files\Microsoft SQL Server\120\Tools\Binn\;C:\Program Files (x86)\Microsoft SQL Server\120\Tools\Binn\ManagementStudio\;C:\Program Files (x86)\Microsoft SQL Server\120\DTS\Binn\;D:\Application\Tomcat\apache-tomcat-9.0.29\bin;C:\Program Files\Microsoft SQL Server\130\Tools\Binn\;D:\application\AndroidStudio\Android_sdk\SDK\tools;D:\application\AndroidStudio\Android_sdk\SDK\platform-tools;D:\application\git\Git\cmd;D:\application\opencv\opencv\build\bin;D:\application\opencv\opencv\build\x64\vc15\bin;D:\application\python3.5.6\install\Scripts\;D:\application\python3.5.6\install\;C:\Users\Parker\AppData\Local\Microsoft\WindowsApps;;D:\application\IDEA\IntelliJ IDEA 2018.3.4\bin;
USERNAME=Parker
OS=Windows_NT
PROCESSOR_IDENTIFIER=Intel64 Family 6 Model 142 Stepping 9, GenuineIntel



---------------  S Y S T E M  ---------------

OS: Windows 10.0 , 64 bit Build 18362 (10.0.18362.329)

CPU:total 4 (2 cores per cpu, 2 threads per core) family 6 model 142 stepping 9, cmov, cx8, fxsr, mmx, sse, sse2, sse3, ssse3, sse4.1, sse4.2, popcnt, avx, avx2, aes, clmul, erms, 3dnowpref, lzcnt, ht, tsc, tscinvbit, bmi1, bmi2, adx

Memory: 4k page, physical 4074596k(668528k free), swap 16657508k(4672k free)

vm_info: Java HotSpot(TM) 64-Bit Server VM (25.111-b14) for windows-amd64 JRE (1.8.0_111-b14), built on Sep 22 2016 19:24:05 by "java_re" with MS VC++ 10.0 (VS2010)

time: Sat Dec 28 11:55:07 2019
elapsed time: 1039 seconds (0d 0h 17m 19s)

