#
# There is insufficient memory for the Java Runtime Environment to continue.
# Native memory allocation (malloc) failed to allocate 69936 bytes for Chunk::new
# Possible reasons:
#   The system is out of physical RAM or swap space
#   In 32 bit mode, the process size limit was hit
# Possible solutions:
#   Reduce memory load on the system
#   Increase physical memory or swap space
#   Check if swap backing store is full
#   Use 64 bit Java on a 64 bit OS
#   Decrease Java heap size (-Xmx/-Xms)
#   Decrease number of Java threads
#   Decrease Java thread stack sizes (-Xss)
#   Set larger code cache with -XX:ReservedCodeCacheSize=
# This output file may be truncated or incomplete.
#
#  Out of Memory Error (allocation.cpp:390), pid=5872, tid=0x0000000000002984
#
# JRE version: Java(TM) SE Runtime Environment (8.0_111-b14) (build 1.8.0_111-b14)
# Java VM: Java HotSpot(TM) 64-Bit Server VM (25.111-b14 mixed mode windows-amd64 compressed oops)
# Failed to write core dump. Minidumps are not enabled by default on client versions of Windows
#

---------------  T H R E A D  ---------------

Current thread (0x00000000158c1000):  JavaThread "C2 CompilerThread0" daemon [_thread_in_native, id=10628, stack(0x0000000016e40000,0x0000000016f40000)]

Stack: [0x0000000016e40000,0x0000000016f40000]
[error occurred during error reporting (printing stack bounds), id 0xc0000005]

Native frames: (J=compiled Java code, j=interpreted, Vv=VM code, C=native code)


Current CompileTask:
C2: 141467 3992   !   4       org.apache.tomcat.util.buf.StringCache::toString (615 bytes)


---------------  P R O C E S S  ---------------

Java Threads: ( => current thread )
  0x00000000189a1800 JavaThread "Java2D Disposer" daemon [_thread_blocked, id=10780, stack(0x0000000057410000,0x0000000057510000)]
  0x00000000189a0000 JavaThread "ajp-nio-8009-Acceptor" daemon [_thread_in_native, id=2144, stack(0x000000001bd10000,0x000000001be10000)]
  0x000000001899d000 JavaThread "ajp-nio-8009-ClientPoller" daemon [_thread_in_native, id=7452, stack(0x000000001bc10000,0x000000001bd10000)]
  0x000000001899f800 JavaThread "ajp-nio-8009-exec-10" daemon [_thread_blocked, id=20536, stack(0x000000001bb10000,0x000000001bc10000)]
  0x000000001899e800 JavaThread "ajp-nio-8009-exec-9" daemon [_thread_blocked, id=9276, stack(0x000000001ba10000,0x000000001bb10000)]
  0x00000000189a1000 JavaThread "ajp-nio-8009-exec-8" daemon [_thread_blocked, id=9492, stack(0x000000001b910000,0x000000001ba10000)]
  0x0000000018995000 JavaThread "ajp-nio-8009-exec-7" daemon [_thread_blocked, id=4200, stack(0x000000001b810000,0x000000001b910000)]
  0x000000001899a000 JavaThread "ajp-nio-8009-exec-6" daemon [_thread_blocked, id=7324, stack(0x000000001b710000,0x000000001b810000)]
  0x000000001899b000 JavaThread "ajp-nio-8009-exec-5" daemon [_thread_blocked, id=17024, stack(0x000000001b610000,0x000000001b710000)]
  0x000000001899b800 JavaThread "ajp-nio-8009-exec-4" daemon [_thread_blocked, id=19656, stack(0x000000001b510000,0x000000001b610000)]
  0x0000000018992800 JavaThread "ajp-nio-8009-exec-3" daemon [_thread_blocked, id=20964, stack(0x000000001b410000,0x000000001b510000)]
  0x0000000018999800 JavaThread "ajp-nio-8009-exec-2" daemon [_thread_blocked, id=20848, stack(0x000000001b310000,0x000000001b410000)]
  0x0000000018998800 JavaThread "ajp-nio-8009-exec-1" daemon [_thread_blocked, id=6140, stack(0x000000001b210000,0x000000001b310000)]
  0x0000000018995800 JavaThread "http-nio-8080-Acceptor" daemon [_thread_in_native, id=2984, stack(0x000000001b110000,0x000000001b210000)]
  0x0000000018997000 JavaThread "http-nio-8080-ClientPoller" daemon [_thread_in_native, id=13336, stack(0x000000001b010000,0x000000001b110000)]
  0x0000000018993800 JavaThread "http-nio-8080-exec-10" daemon [_thread_blocked, id=4824, stack(0x000000001af10000,0x000000001b010000)]
  0x0000000018996800 JavaThread "http-nio-8080-exec-9" daemon [_thread_blocked, id=7240, stack(0x000000001ae10000,0x000000001af10000)]
  0x0000000018994000 JavaThread "http-nio-8080-exec-8" daemon [_thread_blocked, id=4924, stack(0x000000001ad10000,0x000000001ae10000)]
  0x0000000018998000 JavaThread "http-nio-8080-exec-7" daemon [_thread_blocked, id=4888, stack(0x000000001ac10000,0x000000001ad10000)]
  0x0000000018aad000 JavaThread "http-nio-8080-exec-6" daemon [_thread_blocked, id=19824, stack(0x000000001ab10000,0x000000001ac10000)]
  0x0000000018ab1000 JavaThread "http-nio-8080-exec-5" daemon [_thread_blocked, id=9328, stack(0x000000001aa10000,0x000000001ab10000)]
  0x0000000018aac800 JavaThread "http-nio-8080-exec-4" daemon [_thread_blocked, id=17916, stack(0x000000001a910000,0x000000001aa10000)]
  0x0000000018aab800 JavaThread "http-nio-8080-exec-3" daemon [_thread_blocked, id=8984, stack(0x000000001a810000,0x000000001a910000)]
  0x0000000018aaf800 JavaThread "http-nio-8080-exec-2" daemon [_thread_blocked, id=21156, stack(0x000000001a710000,0x000000001a810000)]
  0x0000000018ab0000 JavaThread "http-nio-8080-exec-1" daemon [_thread_blocked, id=12036, stack(0x000000001a610000,0x000000001a710000)]
  0x0000000018aae800 JavaThread "Catalina-utility-2" [_thread_blocked, id=19056, stack(0x000000001a510000,0x000000001a610000)]
  0x0000000018aae000 JavaThread "Catalina-utility-1" [_thread_blocked, id=19476, stack(0x000000001a410000,0x000000001a510000)]
  0x0000000018aaa000 JavaThread "ajp-nio-8009-BlockPoller" daemon [_thread_in_native, id=9520, stack(0x000000001a110000,0x000000001a210000)]
  0x0000000018aab000 JavaThread "http-nio-8080-BlockPoller" daemon [_thread_in_native, id=696, stack(0x000000001a010000,0x000000001a110000)]
  0x0000000017ddd000 JavaThread "GC Daemon" daemon [_thread_blocked, id=17576, stack(0x0000000019b10000,0x0000000019c10000)]
  0x0000000017b52000 JavaThread "RMI Scheduler(0)" daemon [_thread_blocked, id=2308, stack(0x0000000019910000,0x0000000019a10000)]
  0x0000000017828800 JavaThread "RMI TCP Accept-0" daemon [_thread_in_native, id=4828, stack(0x0000000018440000,0x0000000018540000)]
  0x0000000017806000 JavaThread "RMI TCP Accept-1099" daemon [_thread_in_native, id=17988, stack(0x0000000018340000,0x0000000018440000)]
  0x0000000017805000 JavaThread "RMI TCP Accept-0" daemon [_thread_in_native, id=8068, stack(0x0000000018040000,0x0000000018140000)]
  0x0000000017775000 JavaThread "FileHandlerLogFilesCleaner-1" daemon [_thread_blocked, id=796, stack(0x0000000017f40000,0x0000000018040000)]
  0x000000001706f800 JavaThread "AsyncFileHandlerWriter-1725154839" daemon [_thread_blocked, id=5380, stack(0x0000000017640000,0x0000000017740000)]
  0x0000000016ff2000 JavaThread "Service Thread" daemon [_thread_blocked, id=5812, stack(0x0000000017540000,0x0000000017640000)]
  0x0000000016f4f800 JavaThread "C1 CompilerThread2" daemon [_thread_blocked, id=12484, stack(0x0000000017440000,0x0000000017540000)]
  0x0000000016f4b000 JavaThread "C2 CompilerThread1" daemon [_thread_blocked, id=18740, stack(0x0000000017340000,0x0000000017440000)]
=>0x00000000158c1000 JavaThread "C2 CompilerThread0" daemon [_thread_in_native, id=10628, stack(0x0000000016e40000,0x0000000016f40000)]
  0x00000000158bf000 JavaThread "Attach Listener" daemon [_thread_blocked, id=18464, stack(0x0000000016d40000,0x0000000016e40000)]
  0x000000001590e800 JavaThread "Signal Dispatcher" daemon [_thread_blocked, id=15616, stack(0x0000000016c40000,0x0000000016d40000)]
  0x00000000032dc800 JavaThread "Finalizer" daemon [_thread_blocked, id=19448, stack(0x0000000016b40000,0x0000000016c40000)]
  0x00000000032d1800 JavaThread "Reference Handler" daemon [_thread_blocked, id=18736, stack(0x0000000016a40000,0x0000000016b40000)]
  0x00000000031e2800 JavaThread "main" [_thread_in_native, id=13576, stack(0x00000000030e0000,0x00000000031e0000)]

Other Threads:
  0x0000000015878800 VMThread [stack: 0x0000000016940000,0x0000000016a40000] [id=20356]
  0x000000001782f000 WatcherThread [stack: 0x0000000018540000,0x0000000018640000] [id=7488]

VM state:not at safepoint (normal execution)

VM Mutex/Monitor currently owned by a thread: None

Heap:
 PSYoungGen      total 69120K, used 37281K [0x00000000eb400000, 0x00000000eff80000, 0x0000000100000000)
  eden space 62976K, 50% used [0x00000000eb400000,0x00000000ed2dd180,0x00000000ef180000)
  from space 6144K, 92% used [0x00000000ef200000,0x00000000ef78b330,0x00000000ef800000)
  to   space 7168K, 0% used [0x00000000ef880000,0x00000000ef880000,0x00000000eff80000)
 ParOldGen       total 40448K, used 13468K [0x00000000c1c00000, 0x00000000c4380000, 0x00000000eb400000)
  object space 40448K, 33% used [0x00000000c1c00000,0x00000000c2927008,0x00000000c4380000)
 Metaspace       used 30831K, capacity 31276K, committed 31488K, reserved 1077248K
  class space    used 3115K, capacity 3291K, committed 3328K, reserved 1048576K

Card table byte_map: [0x00000000126a0000,0x00000000128a0000] byte_map_base: 0x0000000012092000

Marking Bits: (ParMarkBitMap*) 0x000000006339a6c0
 Begin Bits: [0x0000000012df0000, 0x0000000013d80000)
 End Bits:   [0x0000000013d80000, 0x0000000014d10000)

Polling page: 0x0000000001030000

CodeCache: size=245760Kb used=12938Kb max_used=13238Kb free=232821Kb
 bounds [0x00000000032e0000, 0x0000000003fe0000, 0x00000000122e0000]
 total_blobs=3994 nmethods=3489 adapters=417
 compilation: enabled

Compilation events (10 events):
Event: 140.695 Thread 0x0000000016f4f800 nmethod 3987 0x0000000003976950 code [0x0000000003976b00, 0x00000000039770b8]
Event: 140.695 Thread 0x0000000016f4f800 3988       3       java.util.Calendar::isPartiallyNormalized (20 bytes)
Event: 140.696 Thread 0x0000000016f4f800 nmethod 3988 0x0000000003545b10 code [0x0000000003545c60, 0x0000000003545e50]
Event: 140.810 Thread 0x00000000158c1000 3989 %     4       org.apache.catalina.connector.CoyoteAdapter::normalize @ 38 (416 bytes)
Event: 140.810 Thread 0x0000000016f4b000 3990 %     4       org.apache.catalina.connector.CoyoteAdapter::checkNormalize @ 63 (186 bytes)
Event: 140.816 Thread 0x0000000016f4b000 nmethod 3990% 0x0000000003d37ad0 code [0x0000000003d37c40, 0x0000000003d38078]
Event: 140.820 Thread 0x00000000158c1000 nmethod 3989% 0x0000000003cbb150 code [0x0000000003cbb2e0, 0x0000000003cbb938]
Event: 140.908 Thread 0x0000000016f4b000 3991       4       java.util.concurrent.locks.ReentrantLock$NonfairSync::lock (25 bytes)
Event: 140.910 Thread 0x0000000016f4b000 nmethod 3991 0x00000000033f8d50 code [0x00000000033f8ea0, 0x00000000033f8ff8]
Event: 141.426 Thread 0x00000000158c1000 3992   !   4       org.apache.tomcat.util.buf.StringCache::toString (615 bytes)

GC Heap History (10 events):
Event: 3.749 GC heap before
{Heap before GC invocations=6 (full 0):
 PSYoungGen      total 18944K, used 18936K [0x00000000eb400000, 0x00000000ee000000, 0x0000000100000000)
  eden space 16384K, 100% used [0x00000000eb400000,0x00000000ec400000,0x00000000ec400000)
  from space 2560K, 99% used [0x00000000ec400000,0x00000000ec67e030,0x00000000ec680000)
  to   space 6144K, 0% used [0x00000000eda00000,0x00000000eda00000,0x00000000ee000000)
 ParOldGen       total 44032K, used 10832K [0x00000000c1c00000, 0x00000000c4700000, 0x00000000eb400000)
  object space 44032K, 24% used [0x00000000c1c00000,0x00000000c2694218,0x00000000c4700000)
 Metaspace       used 19500K, capacity 19954K, committed 20096K, reserved 1067008K
  class space    used 2200K, capacity 2373K, committed 2432K, reserved 1048576K
Event: 3.756 GC heap after
Heap after GC invocations=6 (full 0):
 PSYoungGen      total 38400K, used 5380K [0x00000000eb400000, 0x00000000ee100000, 0x0000000100000000)
  eden space 32256K, 0% used [0x00000000eb400000,0x00000000eb400000,0x00000000ed380000)
  from space 6144K, 87% used [0x00000000eda00000,0x00000000edf41160,0x00000000ee000000)
  to   space 6656K, 0% used [0x00000000ed380000,0x00000000ed380000,0x00000000eda00000)
 ParOldGen       total 44032K, used 10832K [0x00000000c1c00000, 0x00000000c4700000, 0x00000000eb400000)
  object space 44032K, 24% used [0x00000000c1c00000,0x00000000c2694218,0x00000000c4700000)
 Metaspace       used 19500K, capacity 19954K, committed 20096K, reserved 1067008K
  class space    used 2200K, capacity 2373K, committed 2432K, reserved 1048576K
}
Event: 3.872 GC heap before
{Heap before GC invocations=7 (full 0):
 PSYoungGen      total 38400K, used 11339K [0x00000000eb400000, 0x00000000ee100000, 0x0000000100000000)
  eden space 32256K, 18% used [0x00000000eb400000,0x00000000eb9d1af8,0x00000000ed380000)
  from space 6144K, 87% used [0x00000000eda00000,0x00000000edf41160,0x00000000ee000000)
  to   space 6656K, 0% used [0x00000000ed380000,0x00000000ed380000,0x00000000eda00000)
 ParOldGen       total 44032K, used 10832K [0x00000000c1c00000, 0x00000000c4700000, 0x00000000eb400000)
  object space 44032K, 24% used [0x00000000c1c00000,0x00000000c2694218,0x00000000c4700000)
 Metaspace       used 20649K, capacity 21074K, committed 21248K, reserved 1069056K
  class space    used 2306K, capacity 2469K, committed 2560K, reserved 1048576K
Event: 3.878 GC heap after
Heap after GC invocations=7 (full 0):
 PSYoungGen      total 38912K, used 3076K [0x00000000eb400000, 0x00000000f0000000, 0x0000000100000000)
  eden space 32256K, 0% used [0x00000000eb400000,0x00000000eb400000,0x00000000ed380000)
  from space 6656K, 46% used [0x00000000ed380000,0x00000000ed681168,0x00000000eda00000)
  to   space 6656K, 0% used [0x00000000ef980000,0x00000000ef980000,0x00000000f0000000)
 ParOldGen       total 44032K, used 12628K [0x00000000c1c00000, 0x00000000c4700000, 0x00000000eb400000)
  object space 44032K, 28% used [0x00000000c1c00000,0x00000000c28551f8,0x00000000c4700000)
 Metaspace       used 20649K, capacity 21074K, committed 21248K, reserved 1069056K
  class space    used 2306K, capacity 2469K, committed 2560K, reserved 1048576K
}
Event: 3.878 GC heap before
{Heap before GC invocations=8 (full 1):
 PSYoungGen      total 38912K, used 3076K [0x00000000eb400000, 0x00000000f0000000, 0x0000000100000000)
  eden space 32256K, 0% used [0x00000000eb400000,0x00000000eb400000,0x00000000ed380000)
  from space 6656K, 46% used [0x00000000ed380000,0x00000000ed681168,0x00000000eda00000)
  to   space 6656K, 0% used [0x00000000ef980000,0x00000000ef980000,0x00000000f0000000)
 ParOldGen       total 44032K, used 12628K [0x00000000c1c00000, 0x00000000c4700000, 0x00000000eb400000)
  object space 44032K, 28% used [0x00000000c1c00000,0x00000000c28551f8,0x00000000c4700000)
 Metaspace       used 20649K, capacity 21074K, committed 21248K, reserved 1069056K
  class space    used 2306K, capacity 2469K, committed 2560K, reserved 1048576K
Event: 3.932 GC heap after
Heap after GC invocations=8 (full 1):
 PSYoungGen      total 38912K, used 0K [0x00000000eb400000, 0x00000000f0000000, 0x0000000100000000)
  eden space 32256K, 0% used [0x00000000eb400000,0x00000000eb400000,0x00000000ed380000)
  from space 6656K, 0% used [0x00000000ed380000,0x00000000ed380000,0x00000000eda00000)
  to   space 6656K, 0% used [0x00000000ef980000,0x00000000ef980000,0x00000000f0000000)
 ParOldGen       total 40448K, used 13452K [0x00000000c1c00000, 0x00000000c4380000, 0x00000000eb400000)
  object space 40448K, 33% used [0x00000000c1c00000,0x00000000c2923008,0x00000000c4380000)
 Metaspace       used 20649K, capacity 21074K, committed 21248K, reserved 1069056K
  class space    used 2306K, capacity 2469K, committed 2560K, reserved 1048576K
}
Event: 11.729 GC heap before
{Heap before GC invocations=9 (full 1):
 PSYoungGen      total 38912K, used 32256K [0x00000000eb400000, 0x00000000f0000000, 0x0000000100000000)
  eden space 32256K, 100% used [0x00000000eb400000,0x00000000ed380000,0x00000000ed380000)
  from space 6656K, 0% used [0x00000000ed380000,0x00000000ed380000,0x00000000eda00000)
  to   space 6656K, 0% used [0x00000000ef980000,0x00000000ef980000,0x00000000f0000000)
 ParOldGen       total 40448K, used 13452K [0x00000000c1c00000, 0x00000000c4380000, 0x00000000eb400000)
  object space 40448K, 33% used [0x00000000c1c00000,0x00000000c2923008,0x00000000c4380000)
 Metaspace       used 26443K, capacity 26914K, committed 27008K, reserved 1073152K
  class space    used 2779K, capacity 2920K, committed 2944K, reserved 1048576K
Event: 11.735 GC heap after
Heap after GC invocations=9 (full 1):
 PSYoungGen      total 55808K, used 6174K [0x00000000eb400000, 0x00000000f0000000, 0x0000000100000000)
  eden space 49152K, 0% used [0x00000000eb400000,0x00000000eb400000,0x00000000ee400000)
  from space 6656K, 92% used [0x00000000ef980000,0x00000000eff87a58,0x00000000f0000000)
  to   space 7168K, 0% used [0x00000000ef200000,0x00000000ef200000,0x00000000ef900000)
 ParOldGen       total 40448K, used 13460K [0x00000000c1c00000, 0x00000000c4380000, 0x00000000eb400000)
  object space 40448K, 33% used [0x00000000c1c00000,0x00000000c2925008,0x00000000c4380000)
 Metaspace       used 26443K, capacity 26914K, committed 27008K, reserved 1073152K
  class space    used 2779K, capacity 2920K, committed 2944K, reserved 1048576K
}
Event: 125.921 GC heap before
{Heap before GC invocations=10 (full 1):
 PSYoungGen      total 55808K, used 55326K [0x00000000eb400000, 0x00000000f0000000, 0x0000000100000000)
  eden space 49152K, 100% used [0x00000000eb400000,0x00000000ee400000,0x00000000ee400000)
  from space 6656K, 92% used [0x00000000ef980000,0x00000000eff87a58,0x00000000f0000000)
  to   space 7168K, 0% used [0x00000000ef200000,0x00000000ef200000,0x00000000ef900000)
 ParOldGen       total 40448K, used 13460K [0x00000000c1c00000, 0x00000000c4380000, 0x00000000eb400000)
  object space 40448K, 33% used [0x00000000c1c00000,0x00000000c2925008,0x00000000c4380000)
 Metaspace       used 30598K, capacity 31084K, committed 31232K, reserved 1077248K
  class space    used 3114K, capacity 3291K, committed 3328K, reserved 1048576K
Event: 125.986 GC heap after
Heap after GC invocations=10 (full 1):
 PSYoungGen      total 69120K, used 5676K [0x00000000eb400000, 0x00000000eff80000, 0x0000000100000000)
  eden space 62976K, 0% used [0x00000000eb400000,0x00000000eb400000,0x00000000ef180000)
  from space 6144K, 92% used [0x00000000ef200000,0x00000000ef78b330,0x00000000ef800000)
  to   space 7168K, 0% used [0x00000000ef880000,0x00000000ef880000,0x00000000eff80000)
 ParOldGen       total 40448K, used 13468K [0x00000000c1c00000, 0x00000000c4380000, 0x00000000eb400000)
  object space 40448K, 33% used [0x00000000c1c00000,0x00000000c2927008,0x00000000c4380000)
 Metaspace       used 30598K, capacity 31084K, committed 31232K, reserved 1077248K
  class space    used 3114K, capacity 3291K, committed 3328K, reserved 1048576K
}

Deoptimization events (10 events):
Event: 105.140 Thread 0x0000000018998000 Uncommon trap: reason=unstable_if action=reinterpret pc=0x0000000003c51c50 method=sun.misc.BASE64Decoder.decodeAtom(Ljava/io/PushbackInputStream;Ljava/io/OutputStream;I)V @ 112
Event: 105.392 Thread 0x0000000018998000 Uncommon trap: reason=unstable_if action=reinterpret pc=0x0000000003c99f64 method=java.awt.image.ComponentColorModel.getDataElements(ILjava/lang/Object;)Ljava/lang/Object; @ 30
Event: 105.521 Thread 0x0000000018998000 Uncommon trap: reason=predicate action=maybe_recompile pc=0x0000000003d34274 method=java.util.regex.Pattern$SliceI.match(Ljava/util/regex/Matcher;ILjava/lang/CharSequence;)Z @ 21
Event: 106.851 Thread 0x0000000018996800 Uncommon trap: reason=unstable_if action=reinterpret pc=0x00000000033fd910 method=org.apache.tomcat.util.buf.UDecoder.convert(Lorg/apache/tomcat/util/buf/ByteChunk;Z)V @ 115
Event: 106.859 Thread 0x0000000018996800 Uncommon trap: reason=unstable_if action=reinterpret pc=0x000000000396a200 method=com.control.JudgeFaceServlet.doPost(Ljavax/servlet/http/HttpServletRequest;Ljavax/servlet/http/HttpServletResponse;)V @ 253
Event: 110.772 Thread 0x0000000018aac800 Uncommon trap: reason=unstable_if action=reinterpret pc=0x00000000035d40c4 method=java.util.ArrayList.rangeCheck(I)V @ 5
Event: 110.775 Thread 0x0000000018aac800 Uncommon trap: reason=unloaded action=reinterpret pc=0x0000000003d5eacc method=com.control.JudgeFaceServlet.doPost(Ljavax/servlet/http/HttpServletRequest;Ljavax/servlet/http/HttpServletResponse;)V @ 2232
Event: 131.512 Thread 0x0000000018aab000 Uncommon trap: reason=unstable_if action=reinterpret pc=0x0000000003cfabac method=java.util.concurrent.locks.AbstractQueuedSynchronizer.doReleaseShared()V @ 6
Event: 135.925 Thread 0x0000000018998000 Uncommon trap: reason=unstable_if action=reinterpret pc=0x0000000003f043cc method=org.apache.tomcat.util.http.MimeHeaders.createHeader()Lorg/apache/tomcat/util/http/MimeHeaderField; @ 125
Event: 135.949 Thread 0x0000000018996800 Uncommon trap: reason=unstable_if action=reinterpret pc=0x0000000003cbaadc method=java.util.concurrent.locks.ReentrantReadWriteLock$Sync.tryAcquireShared(I)I @ 55

Internal exceptions (10 events):
Event: 2.213 Thread 0x0000000017ed5800 Exception <a 'java/lang/ClassNotFoundException': org/apache/catalina/webresources/jar/Handler> (0x00000000ec36efb8) thrown at [C:\re\workspace\8-2-build-windows-amd64-cygwin\jdk8u111\7883\hotspot\src\share\vm\classfile\systemDictionary.cpp, line 210]
Event: 2.247 Thread 0x0000000017ed5800 Exception <a 'java/io/FileNotFoundException'> (0x00000000eb5fa5b8) thrown at [C:\re\workspace\8-2-build-windows-amd64-cygwin\jdk8u111\7883\hotspot\src\share\vm\prims\jni.cpp, line 709]
Event: 3.434 Thread 0x0000000017ed5800 Exception <a 'java/io/FileNotFoundException'> (0x00000000ebe3bf78) thrown at [C:\re\workspace\8-2-build-windows-amd64-cygwin\jdk8u111\7883\hotspot\src\share\vm\prims\jni.cpp, line 709]
Event: 4.180 Thread 0x0000000018ab0000 Exception <a 'java/lang/ArrayIndexOutOfBoundsException': 11444> (0x00000000ec623cc0) thrown at [C:\re\workspace\8-2-build-windows-amd64-cygwin\jdk8u111\7883\hotspot\src\share\vm\interpreter\interpreterRuntime.cpp, line 366]
Event: 11.705 Thread 0x0000000018aae800 Exception <a 'java/io/FileNotFoundException'> (0x00000000ed23c1b0) thrown at [C:\re\workspace\8-2-build-windows-amd64-cygwin\jdk8u111\7883\hotspot\src\share\vm\prims\jni.cpp, line 709]
Event: 11.717 Thread 0x0000000018aae800 Exception <a 'java/io/FileNotFoundException'> (0x00000000ed2e7140) thrown at [C:\re\workspace\8-2-build-windows-amd64-cygwin\jdk8u111\7883\hotspot\src\share\vm\prims\jni.cpp, line 709]
Event: 11.747 Thread 0x0000000018aae800 Exception <a 'java/io/FileNotFoundException'> (0x00000000eb50d4a0) thrown at [C:\re\workspace\8-2-build-windows-amd64-cygwin\jdk8u111\7883\hotspot\src\share\vm\prims\jni.cpp, line 709]
Event: 103.098 Thread 0x0000000018aad000 Exception <a 'java/io/FileNotFoundException'> (0x00000000eb7f1ff0) thrown at [C:\re\workspace\8-2-build-windows-amd64-cygwin\jdk8u111\7883\hotspot\src\share\vm\prims\jni.cpp, line 709]
Event: 103.660 Thread 0x0000000018aad000 Exception <a 'java/lang/ClassNotFoundException': org/apache/catalina/webresources/http/Handler> (0x00000000ebc3f880) thrown at [C:\re\workspace\8-2-build-windows-amd64-cygwin\jdk8u111\7883\hotspot\src\share\vm\classfile\systemDictionary.cpp, line 210]
Event: 103.724 Thread 0x0000000018aad000 Implicit null exception at 0x0000000003cfab79 to 0x0000000003cfacdd

Events (10 events):
Event: 140.361 Executing VM operation: BulkRevokeBias
Event: 140.361 Executing VM operation: BulkRevokeBias done
Event: 140.695 Thread 0x0000000016f4f800 flushing nmethod 0x0000000003cb2990
Event: 140.695 Thread 0x0000000016f4f800 flushing nmethod 0x0000000003cbaf50
Event: 140.696 Thread 0x0000000016f4f800 flushing nmethod 0x0000000003d379d0
Event: 140.696 Thread 0x0000000016f4f800 flushing nmethod 0x0000000003d3ac10
Event: 140.696 Thread 0x0000000016f4f800 flushing nmethod 0x0000000003d3c010
Event: 140.696 Thread 0x0000000016f4f800 flushing nmethod 0x0000000003d4ff50
Event: 141.272 Executing VM operation: RevokeBias
Event: 141.272 Executing VM operation: RevokeBias done


Dynamic libraries:
0x00007ff76f220000 - 0x00007ff76f257000 	C:\dingdingdong\JDK\bin\java.exe
0x00007ffc92dc0000 - 0x00007ffc92fb0000 	C:\Windows\SYSTEM32\ntdll.dll
0x00007ffc92910000 - 0x00007ffc929c2000 	C:\Windows\System32\KERNEL32.DLL
0x00007ffc8ff60000 - 0x00007ffc90203000 	C:\Windows\System32\KERNELBASE.dll
0x00007ffc91f60000 - 0x00007ffc92003000 	C:\Windows\System32\ADVAPI32.dll
0x00007ffc91eb0000 - 0x00007ffc91f4e000 	C:\Windows\System32\msvcrt.dll
0x00007ffc90fc0000 - 0x00007ffc91057000 	C:\Windows\System32\sechost.dll
0x00007ffc91d90000 - 0x00007ffc91eb0000 	C:\Windows\System32\RPCRT4.dll
0x00007ffc91210000 - 0x00007ffc913a4000 	C:\Windows\System32\USER32.dll
0x00007ffc8fea0000 - 0x00007ffc8fec1000 	C:\Windows\System32\win32u.dll
0x00007ffc90f90000 - 0x00007ffc90fb6000 	C:\Windows\System32\GDI32.dll
0x00007ffc90cd0000 - 0x00007ffc90e64000 	C:\Windows\System32\gdi32full.dll
0x00007ffc90bb0000 - 0x00007ffc90c4e000 	C:\Windows\System32\msvcp_win.dll
0x00007ffc90210000 - 0x00007ffc9030a000 	C:\Windows\System32\ucrtbase.dll
0x00007ffc7f4b0000 - 0x00007ffc7f735000 	C:\Windows\WinSxS\amd64_microsoft.windows.common-controls_6595b64144ccf1df_6.0.18362.476_none_e6c4b11b130f2595\COMCTL32.dll
0x00007ffc92a40000 - 0x00007ffc92d76000 	C:\Windows\System32\combase.dll
0x00007ffc90c50000 - 0x00007ffc90cd0000 	C:\Windows\System32\bcryptPrimitives.dll
0x00007ffc91ce0000 - 0x00007ffc91d0e000 	C:\Windows\System32\IMM32.DLL
0x0000000063420000 - 0x00000000634f2000 	C:\dingdingdong\JDK\jre\bin\msvcr100.dll
0x0000000062b80000 - 0x000000006341a000 	C:\dingdingdong\JDK\jre\bin\server\jvm.dll
0x00007ffc92a30000 - 0x00007ffc92a38000 	C:\Windows\System32\PSAPI.DLL
0x00007ffc8d940000 - 0x00007ffc8d964000 	C:\Windows\SYSTEM32\WINMM.dll
0x00007ffc7cf10000 - 0x00007ffc7cf19000 	C:\Windows\SYSTEM32\WSOCK32.dll
0x00007ffc88770000 - 0x00007ffc8877a000 	C:\Windows\SYSTEM32\VERSION.dll
0x00007ffc91d10000 - 0x00007ffc91d7f000 	C:\Windows\System32\WS2_32.dll
0x00007ffc8d820000 - 0x00007ffc8d84d000 	C:\Windows\SYSTEM32\winmmbase.dll
0x00007ffc90b60000 - 0x00007ffc90baa000 	C:\Windows\System32\cfgmgr32.dll
0x0000000062b70000 - 0x0000000062b7f000 	C:\dingdingdong\JDK\jre\bin\verify.dll
0x0000000062b40000 - 0x0000000062b69000 	C:\dingdingdong\JDK\jre\bin\java.dll
0x0000000062b20000 - 0x0000000062b36000 	C:\dingdingdong\JDK\jre\bin\zip.dll
0x00007ffc915f0000 - 0x00007ffc91cd5000 	C:\Windows\System32\SHELL32.dll
0x00007ffc91480000 - 0x00007ffc91529000 	C:\Windows\System32\shcore.dll
0x00007ffc903c0000 - 0x00007ffc90b3e000 	C:\Windows\System32\windows.storage.dll
0x00007ffc8fcc0000 - 0x00007ffc8fcdf000 	C:\Windows\System32\profapi.dll
0x00007ffc8fce0000 - 0x00007ffc8fd2a000 	C:\Windows\System32\powrprof.dll
0x00007ffc8fc90000 - 0x00007ffc8fca0000 	C:\Windows\System32\UMPDC.dll
0x00007ffc91530000 - 0x00007ffc91582000 	C:\Windows\System32\shlwapi.dll
0x00007ffc8fd30000 - 0x00007ffc8fd41000 	C:\Windows\System32\kernel.appcore.dll
0x00007ffc90b40000 - 0x00007ffc90b57000 	C:\Windows\System32\cryptsp.dll
0x0000000062ad0000 - 0x0000000062add000 	C:\dingdingdong\JDK\jre\bin\management.dll
0x0000000062b00000 - 0x0000000062b1a000 	C:\dingdingdong\JDK\jre\bin\net.dll
0x00007ffc8f500000 - 0x00007ffc8f567000 	C:\Windows\system32\mswsock.dll
0x0000000062ae0000 - 0x0000000062af1000 	C:\dingdingdong\JDK\jre\bin\nio.dll
0x00007ffc83b80000 - 0x00007ffc83b96000 	C:\Windows\system32\napinsp.dll
0x00007ffc6a6b0000 - 0x00007ffc6a6ca000 	C:\Windows\system32\pnrpnsp.dll
0x00007ffc8f250000 - 0x00007ffc8f31a000 	C:\Windows\SYSTEM32\DNSAPI.dll
0x00007ffc91f50000 - 0x00007ffc91f58000 	C:\Windows\System32\NSI.dll
0x00007ffc8f210000 - 0x00007ffc8f24a000 	C:\Windows\SYSTEM32\IPHLPAPI.DLL
0x00007ffc89c00000 - 0x00007ffc89c0e000 	C:\Windows\System32\winrnr.dll
0x00007ffc8bf40000 - 0x00007ffc8bf5c000 	C:\Windows\system32\NLAapi.dll
0x00007ffc5f900000 - 0x00007ffc5f915000 	C:\Windows\system32\wshbth.dll
0x00007ffc84380000 - 0x00007ffc8438a000 	C:\Windows\System32\rasadhlp.dll
0x00007ffc842e0000 - 0x00007ffc84357000 	C:\Windows\System32\fwpuclnt.dll
0x00007ffc8fed0000 - 0x00007ffc8fef6000 	C:\Windows\System32\bcrypt.dll
0x00007ffc8f070000 - 0x00007ffc8f0a3000 	C:\Windows\system32\rsaenh.dll
0x00007ffc8fbb0000 - 0x00007ffc8fbd5000 	C:\Windows\SYSTEM32\USERENV.dll
0x00007ffc8f6d0000 - 0x00007ffc8f6dc000 	C:\Windows\SYSTEM32\CRYPTBASE.dll
0x00007ffc84c20000 - 0x00007ffc84c36000 	C:\Windows\SYSTEM32\dhcpcsvc6.DLL
0x00007ffc84c70000 - 0x00007ffc84c8c000 	C:\Windows\SYSTEM32\dhcpcsvc.DLL
0x0000000180000000 - 0x0000000180282000 	D:\application\Tomcat\apache-tomcat-9.0.29\bin\tcnative-1.dll
0x00007ffc8fd50000 - 0x00007ffc8fe99000 	C:\Windows\System32\CRYPT32.dll
0x00007ffc8fca0000 - 0x00007ffc8fcb2000 	C:\Windows\System32\MSASN1.dll
0x0000000062aa0000 - 0x0000000062ac4000 	C:\dingdingdong\JDK\jre\bin\sunec.dll
0x0000000062a90000 - 0x0000000062a9b000 	C:\dingdingdong\JDK\jre\bin\sunmscapi.dll
0x00007ffc21d30000 - 0x00007ffc24a13000 	D:\work\extra\ArcSoft\arcsoft_rar\libs\WIN64\libarcsoft_face.dll
0x00007ffc7c1d0000 - 0x00007ffc7c2bf000 	C:\Windows\SYSTEM32\MSVCR120.dll
0x00007ffc73b40000 - 0x00007ffc73be6000 	C:\Windows\SYSTEM32\MSVCP120.dll
0x00007ffc837b0000 - 0x00007ffc8382d000 	D:\work\extra\ArcSoft\arcsoft_rar\libs\WIN64\libarcsoft_face_engine.dll
0x00007ffc90f20000 - 0x00007ffc90f88000 	C:\Windows\System32\WLDAP32.dll
0x00007ffc89c70000 - 0x00007ffc89c93000 	D:\work\extra\ArcSoft\arcsoft_rar\libs\WIN64\libarcsoft_face_engine_jni.dll
0x0000000062780000 - 0x0000000062918000 	C:\dingdingdong\JDK\jre\bin\awt.dll
0x00007ffc921d0000 - 0x00007ffc92294000 	C:\Windows\System32\OLEAUT32.dll
0x00007ffc8d790000 - 0x00007ffc8d81f000 	C:\Windows\SYSTEM32\apphelp.dll

VM Arguments:
jvm_args: -Djava.util.logging.config.file=C:\Users\Parker\.IntelliJIdea2018.3\system\tomcat\Unnamed_ARCSOFT_2\conf\logging.properties -Djava.util.logging.manager=org.apache.juli.ClassLoaderLogManager -Dcom.sun.management.jmxremote= -Dcom.sun.management.jmxremote.port=1099 -Dcom.sun.management.jmxremote.ssl=false -Dcom.sun.management.jmxremote.password.file=C:\Users\Parker\.IntelliJIdea2018.3\system\tomcat\Unnamed_ARCSOFT_2\jmxremote.password -Dcom.sun.management.jmxremote.access.file=C:\Users\Parker\.IntelliJIdea2018.3\system\tomcat\Unnamed_ARCSOFT_2\jmxremote.access -Djava.rmi.server.hostname=127.0.0.1 -Djdk.tls.ephemeralDHKeySize=2048 -Djava.protocol.handler.pkgs=org.apache.catalina.webresources -Dignore.endorsed.dirs= -Dcatalina.base=C:\Users\Parker\.IntelliJIdea2018.3\system\tomcat\Unnamed_ARCSOFT_2 -Dcatalina.home=D:\application\Tomcat\apache-tomcat-9.0.29 -Djava.io.tmpdir=D:\application\Tomcat\apache-tomcat-9.0.29\temp 
java_command: org.apache.catalina.startup.Bootstrap start
java_class_path (initial): D:\application\Tomcat\apache-tomcat-9.0.29\bin\bootstrap.jar;D:\application\Tomcat\apache-tomcat-9.0.29\bin\tomcat-juli.jar
Launcher Type: SUN_STANDARD

Environment Variables:
JAVA_HOME=C:\dingdingdong\JDK
JRE_HOME=C:\dingdingdong\JDK
CLASSPATH=D:\application\Tomcat\apache-tomcat-9.0.29\bin\bootstrap.jar;D:\application\Tomcat\apache-tomcat-9.0.29\bin\tomcat-juli.jar
PATH=C:\ProgramData\Oracle\Java\javapath;C:\Windows\system32;C:\Windows;C:\Windows\System32\Wbem;C:\Windows\System32\WindowsPowerShell\v1.0\;C:\Windows\System32\OpenSSH\;C:\dingdingdong\JDK\bin;C:\Program Files\Microsoft SQL Server\120\DTS\Binn\;C:\Program Files\Microsoft SQL Server\Client SDK\ODBC\110\Tools\Binn\;C:\Program Files (x86)\Microsoft SQL Server\120\Tools\Binn\;C:\Program Files\Microsoft SQL Server\120\Tools\Binn\;C:\Program Files (x86)\Microsoft SQL Server\120\Tools\Binn\ManagementStudio\;C:\Program Files (x86)\Microsoft SQL Server\120\DTS\Binn\;D:\Tomcat\apache-tomcat-9.0.29\bin;C:\Program Files\Microsoft SQL Server\130\Tools\Binn\;D:\application\python3.5.6\install\Scripts\;D:\application\python3.5.6\install\;C:\Users\Parker\AppData\Local\Microsoft\WindowsApps;;D:\application\IDEA\IntelliJ IDEA 2018.3.4\bin;
USERNAME=Parker
OS=Windows_NT
PROCESSOR_IDENTIFIER=Intel64 Family 6 Model 142 Stepping 9, GenuineIntel



---------------  S Y S T E M  ---------------

OS: Windows 10.0 , 64 bit Build 18362 (10.0.18362.329)

CPU:total 4 (2 cores per cpu, 2 threads per core) family 6 model 142 stepping 9, cmov, cx8, fxsr, mmx, sse, sse2, sse3, ssse3, sse4.1, sse4.2, popcnt, avx, avx2, aes, clmul, erms, 3dnowpref, lzcnt, ht, tsc, tscinvbit, bmi1, bmi2, adx

Memory: 4k page, physical 4074596k(331976k free), swap 16657508k(3408k free)

vm_info: Java HotSpot(TM) 64-Bit Server VM (25.111-b14) for windows-amd64 JRE (1.8.0_111-b14), built on Sep 22 2016 19:24:05 by "java_re" with MS VC++ 10.0 (VS2010)

time: Sat Dec 07 16:45:21 2019
elapsed time: 141 seconds (0d 0h 2m 21s)

